<?xml version="1.0" encoding="utf-8"?>
<TestRun id="da20acd4-a004-485a-93ea-11c58e28013c" name="User@SecHex-ZWT2QGY 2026-07-24 15:10:38" runUser="SecHex-ZWT2QGY\User" xmlns="http://microsoft.com/schemas/VisualStudio/TeamTest/2010">
  <Times creation="2026-07-24T15:10:38.2222465+02:00" queuing="2026-07-24T15:10:38.2222469+02:00" start="2026-07-24T15:10:37.8134945+02:00" finish="2026-07-24T15:25:40.2568794+02:00" />
  <TestSettings name="default" id="2d1495f3-a7f0-426c-b048-7dc9b1089dfa">
    <Deployment runDeploymentRoot="User_SecHex-ZWT2QGY_2026-07-24_15_10_38" />
  </TestSettings>
  <Results>
    <UnitTestResult executionId="37fa9400-92c7-41c1-b54d-df91601c25ed" testId="b46858cd-992e-6d2f-77d5-5a79c962ca28" testName="CheckoutAndBuild.Core.Tests.PausableCancellationTokenSourceTests.NotPaused_WaitReturnsImmediately" computerName="SecHex-ZWT2QGY" duration="00:00:00.0003445" startTime="2026-07-24T15:10:38.3968332+02:00" endTime="2026-07-24T15:10:38.3971216+02:00" testType="13cdc9d9-ddb5-4fa4-a97d-d965ccfc6d4b" outcome="Passed" testListId="8c84fa94-04c1-424b-9868-57a2d4851a1d" relativeResultsDirectory="37fa9400-92c7-41c1-b54d-df91601c25ed" />
    <UnitTestResult executionId="1cd3a7e6-a4f5-4003-888b-ade3e345615e" testId="4a4f2e01-3833-93f9-7333-52fb73982e6e" testName="CheckoutAndBuild.Core.Tests.GitServiceTests.ExportChangesAsPatch_WritesTrackedDiff" computerName="SecHex-ZWT2QGY" duration="00:00:00.2664642" startTime="2026-07-24T15:10:41.4832759+02:00" endTime="2026-07-24T15:10:41.7499219+02:00" testType="13cdc9d9-ddb5-4fa4-a97d-d965ccfc6d4b" outcome="Passed" testListId="8c84fa94-04c1-424b-9868-57a2d4851a1d" relativeResultsDirectory="1cd3a7e6-a4f5-4003-888b-ade3e345615e" />
    <UnitTestResult executionId="d6defaed-22c3-4cc7-be20-32e7d8c458b2" testId="470e65ec-4706-e72d-0333-bde0636259de" testName="CheckoutAndBuild.Core.Tests.ScriptExporterTests.Export_ExcludedProjects_AreSkipped" computerName="SecHex-ZWT2QGY" duration="00:00:00.0184881" startTime="2026-07-24T15:10:38.1953094+02:00" endTime="2026-07-24T15:10:38.2139830+02:00" testType="13cdc9d9-ddb5-4fa4-a97d-d965ccfc6d4b" outcome="Passed" testListId="8c84fa94-04c1-424b-9868-57a2d4851a1d" relativeResultsDirectory="d6defaed-22c3-4cc7-be20-32e7d8c458b2" />
    <UnitTestResult executionId="87d1faf5-06e5-4fb7-be04-f41aaf2b4021" testId="4e9006ee-c04c-1619-f637-023ad372ec31" testName="CheckoutAndBuild.Core.Tests.SettingsServiceTests.Get_MissingKey_ReturnsDefault" computerName="SecHex-ZWT2QGY" duration="00:00:00.0003260" startTime="2026-07-24T15:10:38.2320417+02:00" endTime="2026-07-24T15:10:38.2322364+02:00" testType="13cdc9d9-ddb5-4fa4-a97d-d965ccfc6d4b" outcome="Passed" testListId="8c84fa94-04c1-424b-9868-57a2d4851a1d" relativeResultsDirectory="87d1faf5-06e5-4fb7-be04-f41aaf2b4021" />
    <UnitTestResult executionId="61849812-d9b9-469d-9ac4-233df183064f" testId="0f374e32-2a66-c887-2007-dbfd44a1731b" testName="CheckoutAndBuild.Core.Tests.BuildServiceTests.Build_BrokenCode_ReportsParsedCsError" computerName="SecHex-ZWT2QGY" duration="00:00:01.4259559" startTime="2026-07-24T15:10:40.5206558+02:00" endTime="2026-07-24T15:10:41.9467193+02:00" testType="13cdc9d9-ddb5-4fa4-a97d-d965ccfc6d4b" outcome="Passed" testListId="8c84fa94-04c1-424b-9868-57a2d4851a1d" relativeResultsDirectory="61849812-d9b9-469d-9ac4-233df183064f" />
    <UnitTestResult executionId="be28c346-4536-49c9-a0ae-e7cb7d2150af" testId="b7562cfc-1f8c-3755-1f36-9fad07434226" testName="CheckoutAndBuild.Core.Tests.PipelineRunnerTests.PostBuildScript_Failure_ReportedToProgress_NotThrown" computerName="SecHex-ZWT2QGY" duration="00:00:00.0309763" startTime="2026-07-24T15:10:38.5876169+02:00" endTime="2026-07-24T15:10:38.6187263+02:00" testType="13cdc9d9-ddb5-4fa4-a97d-d965ccfc6d4b" outcome="Passed" testListId="8c84fa94-04c1-424b-9868-57a2d4851a1d" relativeResultsDirectory="be28c346-4536-49c9-a0ae-e7cb7d2150af" />
    <UnitTestResult executionId="494d83a8-9cd8-4ed2-b59e-366a7c5083b1" testId="6ed37823-4616-8db8-19c4-56f6e413a0a9" testName="CheckoutAndBuild.Core.Tests.PipelineRunnerTests.Progress_ReportedBeforeEachService" computerName="SecHex-ZWT2QGY" duration="00:00:00.0024824" startTime="2026-07-24T15:10:38.2432722+02:00" endTime="2026-07-24T15:10:38.2456897+02:00" testType="13cdc9d9-ddb5-4fa4-a97d-d965ccfc6d4b" outcome="Passed" testListId="8c84fa94-04c1-424b-9868-57a2d4851a1d" relativeResultsDirectory="494d83a8-9cd8-4ed2-b59e-366a7c5083b1" />
    <UnitTestResult executionId="7f2e302b-3b3f-41db-b7dd-4093100efc55" testId="133b652d-ce2b-3b0d-8a1a-3a21b330cf22" testName="CheckoutAndBuild.Core.Tests.GitServiceTests.GetStatus_CleanRepo_Empty" computerName="SecHex-ZWT2QGY" duration="00:00:00.2693628" startTime="2026-07-24T15:10:42.2137960+02:00" endTime="2026-07-24T15:10:42.4833393+02:00" testType="13cdc9d9-ddb5-4fa4-a97d-d965ccfc6d4b" outcome="Passed" testListId="8c84fa94-04c1-424b-9868-57a2d4851a1d" relativeResultsDirectory="7f2e302b-3b3f-41db-b7dd-4093100efc55" />
    <UnitTestResult executionId="165fa17f-e63a-4da7-b586-360cb330882a" testId="84f580b5-a54a-256a-2201-de95b6141fe9" testName="CheckoutAndBuild.Core.Tests.SolutionParserTests.Model_Progress_DrivesCurrentOperation" computerName="SecHex-ZWT2QGY" duration="00:00:00.0039232" startTime="2026-07-24T15:10:38.2138706+02:00" endTime="2026-07-24T15:10:38.2141364+02:00" testType="13cdc9d9-ddb5-4fa4-a97d-d965ccfc6d4b" outcome="Passed" testListId="8c84fa94-04c1-424b-9868-57a2d4851a1d" relativeResultsDirectory="165fa17f-e63a-4da7-b586-360cb330882a" />
    <UnitTestResult executionId="d363fda3-d72a-4a39-bfcf-31b656dee2a1" testId="ac59ebf8-b1fa-765b-9735-d92aeb4d2a06" testName="CheckoutAndBuild.Core.Tests.PausableCancellationTokenSourceTests.Cancel_WhilePaused_ThrowsInsteadOfHanging" computerName="SecHex-ZWT2QGY" duration="00:00:00.0021445" startTime="2026-07-24T15:10:38.3972340+02:00" endTime="2026-07-24T15:10:38.3994466+02:00" testType="13cdc9d9-ddb5-4fa4-a97d-d965ccfc6d4b" outcome="Passed" testListId="8c84fa94-04c1-424b-9868-57a2d4851a1d" relativeResultsDirectory="d363fda3-d72a-4a39-bfcf-31b656dee2a1" />
    <UnitTestResult executionId="cd77a745-3eb7-486d-8c6a-f74ba6713918" testId="1c337951-732e-53ee-35ff-dce661aaee1c" testName="CheckoutAndBuild.Core.Tests.PluginHostTests.BuildService_MergesPluginBuildProperties_IntoCommand" computerName="SecHex-ZWT2QGY" duration="00:00:00.2392498" startTime="2026-07-24T15:10:38.2224768+02:00" endTime="2026-07-24T15:10:38.4616646+02:00" testType="13cdc9d9-ddb5-4fa4-a97d-d965ccfc6d4b" outcome="Passed" testListId="8c84fa94-04c1-424b-9868-57a2d4851a1d" relativeResultsDirectory="cd77a745-3eb7-486d-8c6a-f74ba6713918" />
    <UnitTestResult executionId="5e79587b-4590-4817-b913-124a6f47297f" testId="2a72836a-1491-bf10-349b-fbbaaa624e10" testName="CheckoutAndBuild.Core.Tests.SettingsServiceTests.Fallback_RepoValueNotSet_ReturnsGlobalValue" computerName="SecHex-ZWT2QGY" duration="00:00:00.0026391" startTime="2026-07-24T15:10:38.2159624+02:00" endTime="2026-07-24T15:10:38.2160075+02:00" testType="13cdc9d9-ddb5-4fa4-a97d-d965ccfc6d4b" outcome="Passed" testListId="8c84fa94-04c1-424b-9868-57a2d4851a1d" relativeResultsDirectory="5e79587b-4590-4817-b913-124a6f47297f" />
    <UnitTestResult executionId="10bb8372-41f9-47c2-a0b7-1538e8c6d116" testId="91419809-1365-cac3-2949-cd57d2ef0bf5" testName="CheckoutAndBuild.Core.Tests.BuildServiceTests.Build_MiniSolution_Succeeds_AndOutputExists" computerName="SecHex-ZWT2QGY" duration="00:00:02.3450884" startTime="2026-07-24T15:10:38.1952180+02:00" endTime="2026-07-24T15:10:40.5205034+02:00" testType="13cdc9d9-ddb5-4fa4-a97d-d965ccfc6d4b" outcome="Passed" testListId="8c84fa94-04c1-424b-9868-57a2d4851a1d" relativeResultsDirectory="10bb8372-41f9-47c2-a0b7-1538e8c6d116" />
    <UnitTestResult executionId="f5c57736-6f46-4fd7-89d7-c5770034667e" testId="b9d4a47b-1266-553a-3565-1555d7180f88" testName="CheckoutAndBuild.Core.Tests.SettingsServiceTests.Fallback_BranchValueNotSet_ReturnsRepoValue" computerName="SecHex-ZWT2QGY" duration="00:00:00.0009305" startTime="2026-07-24T15:10:38.2160750+02:00" endTime="2026-07-24T15:10:38.2161125+02:00" testType="13cdc9d9-ddb5-4fa4-a97d-d965ccfc6d4b" outcome="Passed" testListId="8c84fa94-04c1-424b-9868-57a2d4851a1d" relativeResultsDirectory="f5c57736-6f46-4fd7-89d7-c5770034667e" />
    <UnitTestResult executionId="ba02df06-3337-4325-90dd-1554a38c5ad3" testId="92275318-f3e2-2e19-3d9b-6d62c42c9073" testName="CheckoutAndBuild.Core.Tests.GitServiceTests.IsGitRepository_InsideRepo_True" computerName="SecHex-ZWT2QGY" duration="00:00:00.3241035" startTime="2026-07-24T15:10:38.1951066+02:00" endTime="2026-07-24T15:10:38.4973162+02:00" testType="13cdc9d9-ddb5-4fa4-a97d-d965ccfc6d4b" outcome="Passed" testListId="8c84fa94-04c1-424b-9868-57a2d4851a1d" relativeResultsDirectory="ba02df06-3337-4325-90dd-1554a38c5ad3" />
    <UnitTestResult executionId="d4617a7a-0d5e-4255-a8ee-52219dfc8cc9" testId="d00da614-1141-f0cf-7914-ba6465831791" testName="CheckoutAndBuild.Core.Tests.GitServiceTests.GetStatus_StagedRename_ReportsNewPath" computerName="SecHex-ZWT2QGY" duration="00:00:00.2962546" startTime="2026-07-24T15:10:42.4834799+02:00" endTime="2026-07-24T15:10:42.7799154+02:00" testType="13cdc9d9-ddb5-4fa4-a97d-d965ccfc6d4b" outcome="Passed" testListId="8c84fa94-04c1-424b-9868-57a2d4851a1d" relativeResultsDirectory="d4617a7a-0d5e-4255-a8ee-52219dfc8cc9" />
    <UnitTestResult executionId="08f4db7e-bb73-4875-a5c5-665aa6670388" testId="631231aa-b5c3-2f67-b63f-ad1fd2312930" testName="CheckoutAndBuild.Core.Tests.TestServiceTests.GetTestAssemblies_FindsBuiltTestProjectOutput" computerName="SecHex-ZWT2QGY" duration="00:00:00.0011570" startTime="2026-07-24T15:10:38.2125702+02:00" endTime="2026-07-24T15:10:38.2138971+02:00" testType="13cdc9d9-ddb5-4fa4-a97d-d965ccfc6d4b" outcome="Passed" testListId="8c84fa94-04c1-424b-9868-57a2d4851a1d" relativeResultsDirectory="08f4db7e-bb73-4875-a5c5-665aa6670388" />
    <UnitTestResult executionId="b789c9d8-6a92-4deb-a658-3224de3d9238" testId="8b8adc82-012c-6b5b-d338-bb8155efe33c" testName="CheckoutAndBuild.Core.Tests.CleanServiceTests.GetScript_Batch_ContainsRmdir" computerName="SecHex-ZWT2QGY" duration="00:00:00.0161778" startTime="2026-07-24T15:10:38.1951771+02:00" endTime="2026-07-24T15:10:38.2125960+02:00" testType="13cdc9d9-ddb5-4fa4-a97d-d965ccfc6d4b" outcome="Passed" testListId="8c84fa94-04c1-424b-9868-57a2d4851a1d" relativeResultsDirectory="b789c9d8-6a92-4deb-a658-3224de3d9238" />
    <UnitTestResult executionId="c2204a6a-9585-4d1f-b70a-431541c82575" testId="7d6bee99-c2a3-2a3e-c735-5bb84e5e224b" testName="CheckoutAndBuild.Core.Tests.GitCheckoutServiceTests.GroupByRepositoryRoot_DeduplicatesSameRepo" computerName="SecHex-ZWT2QGY" duration="00:00:00.0066449" startTime="2026-07-24T15:10:38.1951935+02:00" endTime="2026-07-24T15:10:38.2002273+02:00" testType="13cdc9d9-ddb5-4fa4-a97d-d965ccfc6d4b" outcome="Passed" testListId="8c84fa94-04c1-424b-9868-57a2d4851a1d" relativeResultsDirectory="c2204a6a-9585-4d1f-b70a-431541c82575" />
    <UnitTestResult executionId="0e719ade-f4a7-4713-aa4e-4340a3d948e5" testId="e9527dc0-69c9-12f2-56cc-b8d3ea6ae34c" testName="CheckoutAndBuild.Core.Tests.SolutionMergerTests.Merge_ProjectPaths_AreRelativeAndResolveFromOutputSln" computerName="SecHex-ZWT2QGY" duration="00:00:00.0124255" startTime="2026-07-24T15:25:40.1773086+02:00" endTime="2026-07-24T15:25:40.1895482+02:00" testType="13cdc9d9-ddb5-4fa4-a97d-d965ccfc6d4b" outcome="Passed" testListId="8c84fa94-04c1-424b-9868-57a2d4851a1d" relativeResultsDirectory="0e719ade-f4a7-4713-aa4e-4340a3d948e5" />
    <UnitTestResult executionId="80592e6d-3219-4a69-b229-7a0d83381df2" testId="2f80da1d-8105-96d7-1591-7818dc127eb2" testName="CheckoutAndBuild.Core.Tests.GitServiceTests.GetBranches_ContainsBothBranches" computerName="SecHex-ZWT2QGY" duration="00:00:00.3472226" startTime="2026-07-24T15:10:39.8175446+02:00" endTime="2026-07-24T15:10:40.1649533+02:00" testType="13cdc9d9-ddb5-4fa4-a97d-d965ccfc6d4b" outcome="Passed" testListId="8c84fa94-04c1-424b-9868-57a2d4851a1d" relativeResultsDirectory="80592e6d-3219-4a69-b229-7a0d83381df2" />
    <UnitTestResult executionId="73324af4-5fd0-48a7-8dc0-520e3d72155b" testId="c6f65575-1a56-8dcd-c656-bb0755b9ee55" testName="CheckoutAndBuild.Core.Tests.SettingsServiceTests.Persistence_NewServiceOnSameFile_ReadsValues" computerName="SecHex-ZWT2QGY" duration="00:00:00.0049433" startTime="2026-07-24T15:10:38.2186822+02:00" endTime="2026-07-24T15:10:38.2231833+02:00" testType="13cdc9d9-ddb5-4fa4-a97d-d965ccfc6d4b" outcome="Passed" testListId="8c84fa94-04c1-424b-9868-57a2d4851a1d" relativeResultsDirectory="73324af4-5fd0-48a7-8dc0-520e3d72155b" />
    <UnitTestResult executionId="2ca7eaed-681a-463a-a386-700901683af2" testId="2c9e963a-b6ac-55ef-7d8d-608f5f992683" testName="CheckoutAndBuild.Core.Tests.PausableCancellationTokenSourceTests.LinkedToken_PropagatesCancellation" computerName="SecHex-ZWT2QGY" duration="00:00:00.0044808" startTime="2026-07-24T15:10:38.1951308+02:00" endTime="2026-07-24T15:10:38.1964697+02:00" testType="13cdc9d9-ddb5-4fa4-a97d-d965ccfc6d4b" outcome="Passed" testListId="8c84fa94-04c1-424b-9868-57a2d4851a1d" relativeResultsDirectory="2ca7eaed-681a-463a-a386-700901683af2" />
    <UnitTestResult executionId="ca292ba9-4e87-4145-9ec2-b4ffe8582c4b" testId="e6fdcdd7-d9e8-1f2d-fe2c-09ad37b5ad85" testName="CheckoutAndBuild.Core.Tests.SolutionMergerTests.Merge_CreatesSolutionFolderPerSourceSolution_AndNestsProjects" computerName="SecHex-ZWT2QGY" duration="00:00:00.0072956" startTime="2026-07-24T15:25:40.1971492+02:00" endTime="2026-07-24T15:25:40.2044205+02:00" testType="13cdc9d9-ddb5-4fa4-a97d-d965ccfc6d4b" outcome="Passed" testListId="8c84fa94-04c1-424b-9868-57a2d4851a1d" relativeResultsDirectory="ca292ba9-4e87-4145-9ec2-b4ffe8582c4b" />
    <UnitTestResult executionId="c840adef-16ac-416b-93e0-c4e59140ce61" testId="ab460af6-f8ac-8410-7465-241016f5fc64" testName="CheckoutAndBuild.Core.Tests.PluginHostTests.GetExportedValues_BeforeLoad_ReturnsEmpty" computerName="SecHex-ZWT2QGY" duration="00:00:00.0075550" startTime="2026-07-24T15:10:38.1925630+02:00" endTime="2026-07-24T15:10:38.2058855+02:00" testType="13cdc9d9-ddb5-4fa4-a97d-d965ccfc6d4b" outcome="Passed" testListId="8c84fa94-04c1-424b-9868-57a2d4851a1d" relativeResultsDirectory="c840adef-16ac-416b-93e0-c4e59140ce61" />
    <UnitTestResult executionId="30b90460-7206-479f-bc4c-9d3b6f15a142" testId="24031bcf-2fc6-29fa-b694-f76950cae7b0" testName="CheckoutAndBuild.Core.Tests.SettingsServiceTests.Set_CreatesFile" computerName="SecHex-ZWT2QGY" duration="00:00:00.0008498" startTime="2026-07-24T15:10:38.2183748+02:00" endTime="2026-07-24T15:10:38.2185038+02:00" testType="13cdc9d9-ddb5-4fa4-a97d-d965ccfc6d4b" outcome="Passed" testListId="8c84fa94-04c1-424b-9868-57a2d4851a1d" relativeResultsDirectory="30b90460-7206-479f-bc4c-9d3b6f15a142" />
    <UnitTestResult executionId="14b777e5-83d3-4ca5-b126-b0336a419dab" testId="9f0e1d14-e9cb-2cb1-6152-5ea311c3e082" testName="CheckoutAndBuild.Core.Tests.PipelineRunnerTests.Cancel_DuringService_StopsPipeline_WithOperationCanceled" computerName="SecHex-ZWT2QGY" duration="00:00:00.0006501" startTime="2026-07-24T15:10:38.5869380+02:00" endTime="2026-07-24T15:10:38.5875075+02:00" testType="13cdc9d9-ddb5-4fa4-a97d-d965ccfc6d4b" outcome="Passed" testListId="8c84fa94-04c1-424b-9868-57a2d4851a1d" relativeResultsDirectory="14b777e5-83d3-4ca5-b126-b0336a419dab" />
    <UnitTestResult executionId="79283d9e-b2ab-455f-a310-facd72f58101" testId="5d34100d-0310-fff5-d6f7-0aa0b4092e65" testName="CheckoutAndBuild.Core.Tests.GitServiceTests.CheckoutBranch_Nonexistent_ThrowsWithStdErr" computerName="SecHex-ZWT2QGY" duration="00:00:00.2630714" startTime="2026-07-24T15:10:43.4865111+02:00" endTime="2026-07-24T15:10:43.7496900+02:00" testType="13cdc9d9-ddb5-4fa4-a97d-d965ccfc6d4b" outcome="Passed" testListId="8c84fa94-04c1-424b-9868-57a2d4851a1d" relativeResultsDirectory="79283d9e-b2ab-455f-a310-facd72f58101" />
    <UnitTestResult executionId="1481dd8d-fc5e-475a-b1a0-36f403169175" testId="7fce6ae1-f81f-a511-5dc4-7dd9f859d438" testName="CheckoutAndBuild.Core.Tests.PipelineRunnerTests.Services_RunSequentially_SortedByOrder" computerName="SecHex-ZWT2QGY" duration="00:00:00.0005793" startTime="2026-07-24T15:10:38.2122643+02:00" endTime="2026-07-24T15:10:38.2122913+02:00" testType="13cdc9d9-ddb5-4fa4-a97d-d965ccfc6d4b" outcome="Passed" testListId="8c84fa94-04c1-424b-9868-57a2d4851a1d" relativeResultsDirectory="1481dd8d-fc5e-475a-b1a0-36f403169175" />
    <UnitTestResult executionId="56809811-0d70-4264-abbe-7f90327e01b2" testId="a5284003-7afb-4f54-f688-e7c0dba47d1d" testName="CheckoutAndBuild.Core.Tests.SettingsServiceTests.SetGet_ComplexObject_Roundtrips" computerName="SecHex-ZWT2QGY" duration="00:00:00.0067030" startTime="2026-07-24T15:10:38.2233901+02:00" endTime="2026-07-24T15:10:38.2299889+02:00" testType="13cdc9d9-ddb5-4fa4-a97d-d965ccfc6d4b" outcome="Passed" testListId="8c84fa94-04c1-424b-9868-57a2d4851a1d" relativeResultsDirectory="56809811-0d70-4264-abbe-7f90327e01b2" />
    <UnitTestResult executionId="ffe0c6fd-cabd-40dc-adad-6b28c419b346" testId="68620e22-4262-380a-4f0c-eae84c63a611" testName="CheckoutAndBuild.Core.Tests.SolutionMergerTests.Merge_ContainsEachProjectExactlyOnce" computerName="SecHex-ZWT2QGY" duration="00:00:00.0074526" startTime="2026-07-24T15:25:40.1896365+02:00" endTime="2026-07-24T15:25:40.1970774+02:00" testType="13cdc9d9-ddb5-4fa4-a97d-d965ccfc6d4b" outcome="Passed" testListId="8c84fa94-04c1-424b-9868-57a2d4851a1d" relativeResultsDirectory="ffe0c6fd-cabd-40dc-adad-6b28c419b346" />
    <UnitTestResult executionId="ea3a367d-edaa-4db2-8b77-7c9acb284041" testId="e8f4e0e3-f1f7-0f3b-d7d5-cf0df65f9146" testName="CheckoutAndBuild.Core.Tests.GitServiceTests.GetRepositoryRoot_ReturnsRepoDir" computerName="SecHex-ZWT2QGY" duration="00:00:00.2850876" startTime="2026-07-24T15:10:38.8657265+02:00" endTime="2026-07-24T15:10:39.1508114+02:00" testType="13cdc9d9-ddb5-4fa4-a97d-d965ccfc6d4b" outcome="Passed" testListId="8c84fa94-04c1-424b-9868-57a2d4851a1d" relativeResultsDirectory="ea3a367d-edaa-4db2-8b77-7c9acb284041" />
    <UnitTestResult executionId="9b589e76-2959-499d-972b-ab75f5931f5c" testId="eb7d582a-80c5-8701-8249-cdf8a981e703" testName="CheckoutAndBuild.Core.Tests.ProcessRunnerTests.Exit3_ExitCode3_SuccessFalse" computerName="SecHex-ZWT2QGY" duration="00:00:00.0239614" startTime="2026-07-24T15:10:38.9112755+02:00" endTime="2026-07-24T15:10:38.9348960+02:00" testType="13cdc9d9-ddb5-4fa4-a97d-d965ccfc6d4b" outcome="Passed" testListId="8c84fa94-04c1-424b-9868-57a2d4851a1d" relativeResultsDirectory="9b589e76-2959-499d-972b-ab75f5931f5c" />
    <UnitTestResult executionId="c0b66cc0-0a84-42c1-9fda-f4d18365acc3" testId="024a619a-2d70-3b4a-63cd-5e7cf7d866d7" testName="CheckoutAndBuild.Core.Tests.PipelineRunnerTests.ExcludedProjects_AreFiltered_AndIncludedSortedByBuildPriority" computerName="SecHex-ZWT2QGY" duration="00:00:00.0010061" startTime="2026-07-24T15:10:38.2422041+02:00" endTime="2026-07-24T15:10:38.2431542+02:00" testType="13cdc9d9-ddb5-4fa4-a97d-d965ccfc6d4b" outcome="Passed" testListId="8c84fa94-04c1-424b-9868-57a2d4851a1d" relativeResultsDirectory="c0b66cc0-0a84-42c1-9fda-f4d18365acc3" />
    <UnitTestResult executionId="264d1d1f-24de-42a4-8d96-9d77d688704e" testId="817e49e1-3f9a-b9c7-252c-3d7b4a519c5e" testName="CheckoutAndBuild.Core.Tests.ProcessRunnerTests.OnOutputLine_CalledPerLine" computerName="SecHex-ZWT2QGY" duration="00:00:00.0239251" startTime="2026-07-24T15:10:38.9350220+02:00" endTime="2026-07-24T15:10:38.9591060+02:00" testType="13cdc9d9-ddb5-4fa4-a97d-d965ccfc6d4b" outcome="Passed" testListId="8c84fa94-04c1-424b-9868-57a2d4851a1d" relativeResultsDirectory="264d1d1f-24de-42a4-8d96-9d77d688704e" />
    <UnitTestResult executionId="7d2dd53e-d884-42fa-8ce3-c56dfe55df54" testId="c39cd0b2-1922-a03c-7da0-872526aeaebc" testName="CheckoutAndBuild.Core.Tests.GitServiceTests.IsGitRepository_PlainDirectory_False" computerName="SecHex-ZWT2QGY" duration="00:00:00.2579440" startTime="2026-07-24T15:10:41.2252264+02:00" endTime="2026-07-24T15:10:41.4831588+02:00" testType="13cdc9d9-ddb5-4fa4-a97d-d965ccfc6d4b" outcome="Passed" testListId="8c84fa94-04c1-424b-9868-57a2d4851a1d" relativeResultsDirectory="7d2dd53e-d884-42fa-8ce3-c56dfe55df54" />
    <UnitTestResult executionId="89477dc7-542b-4471-887c-437861412e80" testId="1e5bd157-a304-182d-a29a-e621e313df50" testName="CheckoutAndBuild.Core.Tests.SolutionMergerTests.Merge_SolutionConfigurations_AreUnioned_WithFallbackMapping" computerName="SecHex-ZWT2QGY" duration="00:00:00.0086409" startTime="2026-07-24T15:25:40.2044984+02:00" endTime="2026-07-24T15:25:40.2131215+02:00" testType="13cdc9d9-ddb5-4fa4-a97d-d965ccfc6d4b" outcome="Passed" testListId="8c84fa94-04c1-424b-9868-57a2d4851a1d" relativeResultsDirectory="89477dc7-542b-4471-887c-437861412e80" />
    <UnitTestResult executionId="e38d16b0-589a-4015-8565-9e810e0c9a16" testId="2772cb54-0b1f-da1d-172b-09225ab92c6d" testName="CheckoutAndBuild.Core.Tests.GitServiceTests.GetCurrentBranch_AfterCheckoutNewBranch_ReturnsBranchName" computerName="SecHex-ZWT2QGY" duration="00:00:00.3860971" startTime="2026-07-24T15:10:43.1001017+02:00" endTime="2026-07-24T15:10:43.4863753+02:00" testType="13cdc9d9-ddb5-4fa4-a97d-d965ccfc6d4b" outcome="Passed" testListId="8c84fa94-04c1-424b-9868-57a2d4851a1d" relativeResultsDirectory="e38d16b0-589a-4015-8565-9e810e0c9a16" />
    <UnitTestResult executionId="a5d39e4e-9662-4331-ac8a-1873bcbf0681" testId="e3410730-5ae0-6dba-98a2-38d4da83fe5b" testName="CheckoutAndBuild.Core.Tests.SettingsServiceTests.SetGet_Bool_Roundtrips" computerName="SecHex-ZWT2QGY" duration="00:00:00.0017953" startTime="2026-07-24T15:10:38.2302299+02:00" endTime="2026-07-24T15:10:38.2318334+02:00" testType="13cdc9d9-ddb5-4fa4-a97d-d965ccfc6d4b" outcome="Passed" testListId="8c84fa94-04c1-424b-9868-57a2d4851a1d" relativeResultsDirectory="a5d39e4e-9662-4331-ac8a-1873bcbf0681" />
    <UnitTestResult executionId="7645da9a-358d-44d3-a53c-09dad33f8c75" testId="45814898-a5c1-c3b4-c198-417ee590b4be" testName="CheckoutAndBuild.Core.Tests.CleanServiceTests.Clean_DeletesOutputAndIntermediateAndCustomPaths" computerName="SecHex-ZWT2QGY" duration="00:00:00.0793771" startTime="2026-07-24T15:10:38.2137470+02:00" endTime="2026-07-24T15:10:38.2708506+02:00" testType="13cdc9d9-ddb5-4fa4-a97d-d965ccfc6d4b" outcome="Passed" testListId="8c84fa94-04c1-424b-9868-57a2d4851a1d" relativeResultsDirectory="7645da9a-358d-44d3-a53c-09dad33f8c75" />
    <UnitTestResult executionId="08bbeb7b-b4a2-4845-ae82-448d5c9152ba" testId="4277a02b-eb73-14c2-15dc-4fc13af19dac" testName="CheckoutAndBuild.Core.Tests.ScriptExporterTests.Export_PluginScriptGenerators_WrapServiceScript" computerName="SecHex-ZWT2QGY" duration="00:00:00.0019813" startTime="2026-07-24T15:10:38.2140556+02:00" endTime="2026-07-24T15:10:38.2142128+02:00" testType="13cdc9d9-ddb5-4fa4-a97d-d965ccfc6d4b" outcome="Passed" testListId="8c84fa94-04c1-424b-9868-57a2d4851a1d" relativeResultsDirectory="08bbeb7b-b4a2-4845-ae82-448d5c9152ba" />
    <UnitTestResult executionId="ed846730-c0d0-4610-bfad-74e9b14f36bd" testId="872c1b2f-c4ae-c027-7581-2791547c1a8d" testName="CheckoutAndBuild.Core.Tests.PipelineRunnerTests.CustomActions_RunBeforeAndAfterEachService_InOrder" computerName="SecHex-ZWT2QGY" duration="00:00:00.0132149" startTime="2026-07-24T15:10:38.1953543+02:00" endTime="2026-07-24T15:10:38.2121455+02:00" testType="13cdc9d9-ddb5-4fa4-a97d-d965ccfc6d4b" outcome="Passed" testListId="8c84fa94-04c1-424b-9868-57a2d4851a1d" relativeResultsDirectory="ed846730-c0d0-4610-bfad-74e9b14f36bd" />
    <UnitTestResult executionId="290bb316-1d00-45fd-bc48-132e80dd4c6d" testId="e5306c2d-2148-03b6-4120-1fbe152366d9" testName="CheckoutAndBuild.Core.Tests.SolutionParserTests.Model_Defaults_AreSensible" computerName="SecHex-ZWT2QGY" duration="00:00:00.0010162" startTime="2026-07-24T15:10:38.2154159+02:00" endTime="2026-07-24T15:10:38.2154431+02:00" testType="13cdc9d9-ddb5-4fa4-a97d-d965ccfc6d4b" outcome="Passed" testListId="8c84fa94-04c1-424b-9868-57a2d4851a1d" relativeResultsDirectory="290bb316-1d00-45fd-bc48-132e80dd4c6d" />
    <UnitTestResult executionId="c8df0a62-6b57-405b-9b52-6dcb8b220038" testId="05a534d8-5cfc-570f-1cba-0633ea74fdfa" testName="CheckoutAndBuild.Core.Tests.ProcessRunnerTests.Cancellation_KillsProcess_ThrowsCanceled" computerName="SecHex-ZWT2QGY" duration="00:00:00.7352573" startTime="2026-07-24T15:10:38.1953336+02:00" endTime="2026-07-24T15:10:38.9106467+02:00" testType="13cdc9d9-ddb5-4fa4-a97d-d965ccfc6d4b" outcome="Passed" testListId="8c84fa94-04c1-424b-9868-57a2d4851a1d" relativeResultsDirectory="c8df0a62-6b57-405b-9b52-6dcb8b220038" />
    <UnitTestResult executionId="057a4476-6a64-4b6a-9e34-b1de2ad0ac7d" testId="1b30e3ae-7625-f33b-6bd6-21a1452a4dda" testName="CheckoutAndBuild.Core.Tests.UnitTest1.Test1" computerName="SecHex-ZWT2QGY" duration="00:00:00.0038695" startTime="2026-07-24T15:10:38.1950812+02:00" endTime="2026-07-24T15:10:38.2001691+02:00" testType="13cdc9d9-ddb5-4fa4-a97d-d965ccfc6d4b" outcome="Passed" testListId="8c84fa94-04c1-424b-9868-57a2d4851a1d" relativeResultsDirectory="057a4476-6a64-4b6a-9e34-b1de2ad0ac7d" />
    <UnitTestResult executionId="52a4a13e-369a-47a6-8ba4-f604ba19d30d" testId="c89b91a3-beaf-00e6-52de-e8689bf2459d" testName="CheckoutAndBuild.Core.Tests.GitServiceTests.GetHistory_RespectsMaxCount" computerName="SecHex-ZWT2QGY" duration="00:00:00.3680375" startTime="2026-07-24T15:10:38.4974346+02:00" endTime="2026-07-24T15:10:38.8656065+02:00" testType="13cdc9d9-ddb5-4fa4-a97d-d965ccfc6d4b" outcome="Passed" testListId="8c84fa94-04c1-424b-9868-57a2d4851a1d" relativeResultsDirectory="52a4a13e-369a-47a6-8ba4-f604ba19d30d" />
    <UnitTestResult executionId="e9da4af5-187b-4b61-b27d-4b64643c7e7f" testId="8aec6db7-ff4f-514c-c64c-d3a14fa35ae3" testName="CheckoutAndBuild.Core.Tests.SolutionParserTests.Parse_SdkProject_UsesDefaultOutputPath" computerName="SecHex-ZWT2QGY" duration="00:00:00.0008645" startTime="2026-07-24T15:10:38.2152486+02:00" endTime="2026-07-24T15:10:38.2152702+02:00" testType="13cdc9d9-ddb5-4fa4-a97d-d965ccfc6d4b" outcome="Passed" testListId="8c84fa94-04c1-424b-9868-57a2d4851a1d" relativeResultsDirectory="e9da4af5-187b-4b61-b27d-4b64643c7e7f" />
    <UnitTestResult executionId="a95b0f7a-1014-4de8-a7a3-84d5f28e8612" testId="985acc40-4536-5daf-8caa-ca4eb111919c" testName="CheckoutAndBuild.Core.Tests.SettingsServiceTests.BranchScoping_SameKeyDifferentBranch_HasDifferentValues" computerName="SecHex-ZWT2QGY" duration="00:00:00.0354805" startTime="2026-07-24T15:10:38.1941633+02:00" endTime="2026-07-24T15:10:38.2158536+02:00" testType="13cdc9d9-ddb5-4fa4-a97d-d965ccfc6d4b" outcome="Passed" testListId="8c84fa94-04c1-424b-9868-57a2d4851a1d" relativeResultsDirectory="a95b0f7a-1014-4de8-a7a3-84d5f28e8612" />
    <UnitTestResult executionId="4d447939-093a-4f2c-91bf-4ed29d327589" testId="b952246a-ff73-2f4c-e137-85ac41ebb6f9" testName="CheckoutAndBuild.Core.Tests.PluginHostTests.Load_FindsPluginAndCustomAction_AndCallsInit" computerName="SecHex-ZWT2QGY" duration="00:00:00.0400304" startTime="2026-07-24T15:10:38.2101071+02:00" endTime="2026-07-24T15:10:38.2223516+02:00" testType="13cdc9d9-ddb5-4fa4-a97d-d965ccfc6d4b" outcome="Passed" testListId="8c84fa94-04c1-424b-9868-57a2d4851a1d" relativeResultsDirectory="4d447939-093a-4f2c-91bf-4ed29d327589" />
    <UnitTestResult executionId="895422a2-5ffa-4cfc-80f2-40d67d3801b4" testId="3f20258c-183e-115a-8b83-2f6e873cd66d" testName="CheckoutAndBuild.Core.Tests.ScriptExporterTests.Export_Batch_ContainsServicesInOrder_WithHeaders" computerName="SecHex-ZWT2QGY" duration="00:00:00.2679703" startTime="2026-07-24T15:10:38.2142591+02:00" endTime="2026-07-24T15:10:38.4637346+02:00" testType="13cdc9d9-ddb5-4fa4-a97d-d965ccfc6d4b" outcome="Passed" testListId="8c84fa94-04c1-424b-9868-57a2d4851a1d" relativeResultsDirectory="895422a2-5ffa-4cfc-80f2-40d67d3801b4" />
    <UnitTestResult executionId="bee03472-e78c-4059-89ca-008f531ebfa5" testId="f840d252-3976-312c-9dca-9519c9bd53b3" testName="CheckoutAndBuild.Core.Tests.GitServiceTests.StashRoundtrip_PushListDrop" computerName="SecHex-ZWT2QGY" duration="00:00:00.4634508" startTime="2026-07-24T15:10:41.7500347+02:00" endTime="2026-07-24T15:10:42.2136729+02:00" testType="13cdc9d9-ddb5-4fa4-a97d-d965ccfc6d4b" outcome="Passed" testListId="8c84fa94-04c1-424b-9868-57a2d4851a1d" relativeResultsDirectory="bee03472-e78c-4059-89ca-008f531ebfa5" />
    <UnitTestResult executionId="7ca49ba9-e3bd-4f8b-99bc-7830f5440cff" testId="d48b23e6-feee-4f09-8419-09c3b3ef5e2c" testName="CheckoutAndBuild.Core.Tests.GitServiceTests.GetCommitDetails_ContainsMessageAndStat" computerName="SecHex-ZWT2QGY" duration="00:00:00.3713381" startTime="2026-07-24T15:10:40.1651756+02:00" endTime="2026-07-24T15:10:40.5366163+02:00" testType="13cdc9d9-ddb5-4fa4-a97d-d965ccfc6d4b" outcome="Passed" testListId="8c84fa94-04c1-424b-9868-57a2d4851a1d" relativeResultsDirectory="7ca49ba9-e3bd-4f8b-99bc-7830f5440cff" />
    <UnitTestResult executionId="6cb626f8-35a1-4e9d-8f5b-fa900dab7a7d" testId="051a3e89-1e08-5a38-3585-ca75bee1a4e2" testName="CheckoutAndBuild.Core.Tests.SolutionParserTests.Parse_ReadsSolutionConfigurations" computerName="SecHex-ZWT2QGY" duration="00:00:00.0012872" startTime="2026-07-24T15:10:38.2124598+02:00" endTime="2026-07-24T15:10:38.2137773+02:00" testType="13cdc9d9-ddb5-4fa4-a97d-d965ccfc6d4b" outcome="Passed" testListId="8c84fa94-04c1-424b-9868-57a2d4851a1d" relativeResultsDirectory="6cb626f8-35a1-4e9d-8f5b-fa900dab7a7d" />
    <UnitTestResult executionId="f92d5dae-7f8f-4a1f-a24d-3ee866987ba5" testId="0c164439-83f0-82d2-4141-7cf4550dfad1" testName="CheckoutAndBuild.Core.Tests.PipelineRunnerTests.Pause_BlocksProgress_UntilResume" computerName="SecHex-ZWT2QGY" duration="00:00:00.3066559" startTime="2026-07-24T15:10:38.2458018+02:00" endTime="2026-07-24T15:10:38.5528035+02:00" testType="13cdc9d9-ddb5-4fa4-a97d-d965ccfc6d4b" outcome="Passed" testListId="8c84fa94-04c1-424b-9868-57a2d4851a1d" relativeResultsDirectory="f92d5dae-7f8f-4a1f-a24d-3ee866987ba5" />
    <UnitTestResult executionId="8fb70fb1-3e04-4d9d-a364-e83428ebc926" testId="a4576526-aca3-2ba8-58f5-0073f1af9fbd" testName="CheckoutAndBuild.Core.Tests.PipelineRunnerTests.CustomAction_Failure_ReportedToProgress_ServiceStillRuns" computerName="SecHex-ZWT2QGY" duration="00:00:00.0006950" startTime="2026-07-24T15:10:38.6188651+02:00" endTime="2026-07-24T15:10:38.6194858+02:00" testType="13cdc9d9-ddb5-4fa4-a97d-d965ccfc6d4b" outcome="Passed" testListId="8c84fa94-04c1-424b-9868-57a2d4851a1d" relativeResultsDirectory="8fb70fb1-3e04-4d9d-a364-e83428ebc926" />
    <UnitTestResult executionId="5a073281-70a7-44af-b1a7-b1c3afe3fff5" testId="a1a46f52-7968-2fcf-46af-4b7a06b04661" testName="CheckoutAndBuild.Core.Tests.SolutionParserTests.Parse_ClassicProject_ReadsExplicitDebugOutputPath" computerName="SecHex-ZWT2QGY" duration="00:00:00.0152600" startTime="2026-07-24T15:10:38.1941225+02:00" endTime="2026-07-24T15:10:38.2123960+02:00" testType="13cdc9d9-ddb5-4fa4-a97d-d965ccfc6d4b" outcome="Passed" testListId="8c84fa94-04c1-424b-9868-57a2d4851a1d" relativeResultsDirectory="5a073281-70a7-44af-b1a7-b1c3afe3fff5" />
    <UnitTestResult executionId="b25ff85f-d187-49ae-b37e-8f9a6e8ebc52" testId="a82eb82d-512b-de3e-3a37-c24d6cd3446c" testName="CheckoutAndBuild.Core.Tests.GitServiceTests.GetStatus_ParsesStagedUnstagedAndUntracked" computerName="SecHex-ZWT2QGY" duration="00:00:00.3127765" startTime="2026-07-24T15:10:40.5367415+02:00" endTime="2026-07-24T15:10:40.8496914+02:00" testType="13cdc9d9-ddb5-4fa4-a97d-d965ccfc6d4b" outcome="Passed" testListId="8c84fa94-04c1-424b-9868-57a2d4851a1d" relativeResultsDirectory="b25ff85f-d187-49ae-b37e-8f9a6e8ebc52" />
    <UnitTestResult executionId="d9a7be1a-9423-4030-a273-33164aeb13e0" testId="95e69bb9-0285-f78c-976b-920b6770cae6" testName="CheckoutAndBuild.Core.Tests.GitServiceTests.GetHistory_ReturnsCommitsNewestFirst" computerName="SecHex-ZWT2QGY" duration="00:00:00.3197129" startTime="2026-07-24T15:10:42.7800182+02:00" endTime="2026-07-24T15:10:43.0999940+02:00" testType="13cdc9d9-ddb5-4fa4-a97d-d965ccfc6d4b" outcome="Passed" testListId="8c84fa94-04c1-424b-9868-57a2d4851a1d" relativeResultsDirectory="d9a7be1a-9423-4030-a273-33164aeb13e0" />
    <UnitTestResult executionId="429d0e9d-516f-42ee-a405-61faad35af1c" testId="2af82dec-9593-f4a2-cd71-3fc6de83891e" testName="CheckoutAndBuild.Core.Tests.SolutionParserTests.Parse_FindsTwoProjects_SkipsSolutionFolder" computerName="SecHex-ZWT2QGY" duration="00:00:00.0019679" startTime="2026-07-24T15:10:38.2141893+02:00" endTime="2026-07-24T15:10:38.2142907+02:00" testType="13cdc9d9-ddb5-4fa4-a97d-d965ccfc6d4b" outcome="Passed" testListId="8c84fa94-04c1-424b-9868-57a2d4851a1d" relativeResultsDirectory="429d0e9d-516f-42ee-a405-61faad35af1c" />
    <UnitTestResult executionId="2d2f4622-49ee-49e8-b873-7a923aa07f80" testId="d0f11115-98e2-66f2-a905-cde9e04d412e" testName="CheckoutAndBuild.Core.Tests.PausableCancellationTokenSourceTests.Paused_WaitBlocksUntilResume" computerName="SecHex-ZWT2QGY" duration="00:00:00.2139879" startTime="2026-07-24T15:10:38.2103476+02:00" endTime="2026-07-24T15:10:38.3967017+02:00" testType="13cdc9d9-ddb5-4fa4-a97d-d965ccfc6d4b" outcome="Passed" testListId="8c84fa94-04c1-424b-9868-57a2d4851a1d" relativeResultsDirectory="2d2f4622-49ee-49e8-b873-7a923aa07f80" />
    <UnitTestResult executionId="dfcfe38a-98a0-4733-aefa-9863c2af5c1f" testId="4d827c24-01b9-7c97-a24f-4167ec23c6bf" testName="CheckoutAndBuild.Core.Tests.SettingsServiceTests.SetGet_Int_Roundtrips" computerName="SecHex-ZWT2QGY" duration="00:00:00.0011888" startTime="2026-07-24T15:10:38.2324350+02:00" endTime="2026-07-24T15:10:38.2334191+02:00" testType="13cdc9d9-ddb5-4fa4-a97d-d965ccfc6d4b" outcome="Passed" testListId="8c84fa94-04c1-424b-9868-57a2d4851a1d" relativeResultsDirectory="dfcfe38a-98a0-4733-aefa-9863c2af5c1f" />
    <UnitTestResult executionId="0c31f66f-d67d-4718-b527-961eb378f5bd" testId="f3692780-4da2-7414-36f6-65cde818f9ec" testName="CheckoutAndBuild.Core.Tests.SolutionParserTests.Parse_DetectsXunitProjectAsUnitTestProject" computerName="SecHex-ZWT2QGY" duration="00:00:00.0010206" startTime="2026-07-24T15:10:38.2153252+02:00" endTime="2026-07-24T15:10:38.2153509+02:00" testType="13cdc9d9-ddb5-4fa4-a97d-d965ccfc6d4b" outcome="Passed" testListId="8c84fa94-04c1-424b-9868-57a2d4851a1d" relativeResultsDirectory="0c31f66f-d67d-4718-b527-961eb378f5bd" />
    <UnitTestResult executionId="ebd40393-80dd-4eea-9cd8-8c070417fa82" testId="c6e45193-67cf-716c-154c-f8429fccd294" testName="CheckoutAndBuild.Core.Tests.NugetRestoreServiceTests.GetScript_UsesDotnetRestore_WhenNoNugetExeConfigured" computerName="SecHex-ZWT2QGY" duration="00:00:00.0195366" startTime="2026-07-24T15:10:38.1952077+02:00" endTime="2026-07-24T15:10:38.2140828+02:00" testType="13cdc9d9-ddb5-4fa4-a97d-d965ccfc6d4b" outcome="Passed" testListId="8c84fa94-04c1-424b-9868-57a2d4851a1d" relativeResultsDirectory="ebd40393-80dd-4eea-9cd8-8c070417fa82" />
    <UnitTestResult executionId="b5de861e-ac4b-4e40-ab0f-9ae083792ed1" testId="00c599cf-0114-94d5-19f4-0394ed55f10f" testName="CheckoutAndBuild.Core.Tests.GitServiceTests.ExportChangesAsZip_ContainsModifiedAndUntrackedWithFolders" computerName="SecHex-ZWT2QGY" duration="00:00:00.3094275" startTime="2026-07-24T15:10:39.5078023+02:00" endTime="2026-07-24T15:10:39.8173613+02:00" testType="13cdc9d9-ddb5-4fa4-a97d-d965ccfc6d4b" outcome="Passed" testListId="8c84fa94-04c1-424b-9868-57a2d4851a1d" relativeResultsDirectory="b5de861e-ac4b-4e40-ab0f-9ae083792ed1" />
    <UnitTestResult executionId="71a370c5-2d28-48ec-a59c-ead5c40ea07a" testId="fcfff0d3-9230-c79e-6464-3311ba6f0ec0" testName="CheckoutAndBuild.Core.Tests.PipelineRunnerTests.PostBuildScript_RunsAfterBuildService_BeforeNextService" computerName="SecHex-ZWT2QGY" duration="00:00:00.0497289" startTime="2026-07-24T15:10:38.2123699+02:00" endTime="2026-07-24T15:10:38.2405612+02:00" testType="13cdc9d9-ddb5-4fa4-a97d-d965ccfc6d4b" outcome="Passed" testListId="8c84fa94-04c1-424b-9868-57a2d4851a1d" relativeResultsDirectory="71a370c5-2d28-48ec-a59c-ead5c40ea07a" />
    <UnitTestResult executionId="96ebeac3-97db-4777-9015-7338a91fb098" testId="9852eda6-b6bc-04d9-7f5d-4c9a22c30bd3" testName="CheckoutAndBuild.Core.Tests.SolutionParserTests.Parse_ProjectPaths_AreAbsoluteAndExist" computerName="SecHex-ZWT2QGY" duration="00:00:00.0021185" startTime="2026-07-24T15:10:38.2151179+02:00" endTime="2026-07-24T15:10:38.2151578+02:00" testType="13cdc9d9-ddb5-4fa4-a97d-d965ccfc6d4b" outcome="Passed" testListId="8c84fa94-04c1-424b-9868-57a2d4851a1d" relativeResultsDirectory="96ebeac3-97db-4777-9015-7338a91fb098" />
    <UnitTestResult executionId="f50a0085-d6eb-4824-ab73-d93097a7fa15" testId="644f464e-088a-7459-f649-a42669a54b48" testName="CheckoutAndBuild.Core.Tests.SettingsServiceTests.SetGet_String_Roundtrips" computerName="SecHex-ZWT2QGY" duration="00:00:00.0014377" startTime="2026-07-24T15:10:38.2161676+02:00" endTime="2026-07-24T15:10:38.2161999+02:00" testType="13cdc9d9-ddb5-4fa4-a97d-d965ccfc6d4b" outcome="Passed" testListId="8c84fa94-04c1-424b-9868-57a2d4851a1d" relativeResultsDirectory="f50a0085-d6eb-4824-ab73-d93097a7fa15" />
    <UnitTestResult executionId="63ac7dd0-8d62-4556-a320-764d868fba1d" testId="b1f049fc-0210-0c30-bf3c-d8867e3148cf" testName="CheckoutAndBuild.Core.Tests.GitServiceTests.GetDiff_UnstagedAndPerFile_ContainsPatch" computerName="SecHex-ZWT2QGY" duration="00:00:00.3565237" startTime="2026-07-24T15:10:39.1509161+02:00" endTime="2026-07-24T15:10:39.5076420+02:00" testType="13cdc9d9-ddb5-4fa4-a97d-d965ccfc6d4b" outcome="Passed" testListId="8c84fa94-04c1-424b-9868-57a2d4851a1d" relativeResultsDirectory="63ac7dd0-8d62-4556-a320-764d868fba1d" />
    <UnitTestResult executionId="4e917939-f08f-4065-ab83-164040ed2d69" testId="0154ad4e-79be-d330-9808-1da15114cfdd" testName="CheckoutAndBuild.Core.Tests.SolutionMergerTests.Merge_MergedSolution_BuildsWithDotnet" computerName="SecHex-ZWT2QGY" duration="00:15:02.0019061" startTime="2026-07-24T15:10:38.1950556+02:00" endTime="2026-07-24T15:25:40.1770198+02:00" testType="13cdc9d9-ddb5-4fa4-a97d-d965ccfc6d4b" outcome="Passed" testListId="8c84fa94-04c1-424b-9868-57a2d4851a1d" relativeResultsDirectory="4e917939-f08f-4065-ab83-164040ed2d69" />
    <UnitTestResult executionId="002d2a85-96cf-4948-abfb-cc7d7a9f0ccf" testId="6f3db25e-db46-18b3-8794-b2a26b3c7002" testName="CheckoutAndBuild.Core.Tests.ProcessRunnerTests.EchoHi_ExitCode0_StdOutContainsHi" computerName="SecHex-ZWT2QGY" duration="00:00:00.0231933" startTime="2026-07-24T15:10:38.9592311+02:00" endTime="2026-07-24T15:10:38.9826518+02:00" testType="13cdc9d9-ddb5-4fa4-a97d-d965ccfc6d4b" outcome="Passed" testListId="8c84fa94-04c1-424b-9868-57a2d4851a1d" relativeResultsDirectory="002d2a85-96cf-4948-abfb-cc7d7a9f0ccf" />
    <UnitTestResult executionId="4ffe087e-5b01-4185-9dab-81adfe393527" testId="619359a5-9cb7-8aa2-d145-9c63a65a06a6" testName="CheckoutAndBuild.Core.Tests.PipelineRunnerTests.PreBuildScript_NonZeroExit_ThrowsInvalidOperation_NoServiceRuns" computerName="SecHex-ZWT2QGY" duration="00:00:00.0337748" startTime="2026-07-24T15:10:38.5529417+02:00" endTime="2026-07-24T15:10:38.5868104+02:00" testType="13cdc9d9-ddb5-4fa4-a97d-d965ccfc6d4b" outcome="Passed" testListId="8c84fa94-04c1-424b-9868-57a2d4851a1d" relativeResultsDirectory="4ffe087e-5b01-4185-9dab-81adfe393527" />
    <UnitTestResult executionId="873bc5ae-14a8-44c5-a781-96bbc71b7f3e" testId="241a5a6b-58da-f96a-b699-680d611b1c54" testName="CheckoutAndBuild.Core.Tests.SettingsServiceTests.Profiles_AreIsolated" computerName="SecHex-ZWT2QGY" duration="00:00:00.0015959" startTime="2026-07-24T15:10:38.2162660+02:00" endTime="2026-07-24T15:10:38.2172803+02:00" testType="13cdc9d9-ddb5-4fa4-a97d-d965ccfc6d4b" outcome="Passed" testListId="8c84fa94-04c1-424b-9868-57a2d4851a1d" relativeResultsDirectory="873bc5ae-14a8-44c5-a781-96bbc71b7f3e" />
    <UnitTestResult executionId="2835dc3e-1e70-4710-9a80-10cda2c08827" testId="dbe2242e-e439-7a13-4fcf-6d3367a114e7" testName="CheckoutAndBuild.Core.Tests.PluginHostTests.Load_BrokenDll_IsToleratedAndReported" computerName="SecHex-ZWT2QGY" duration="00:00:00.0050684" startTime="2026-07-24T15:10:38.4618018+02:00" endTime="2026-07-24T15:10:38.4667916+02:00" testType="13cdc9d9-ddb5-4fa4-a97d-d965ccfc6d4b" outcome="Passed" testListId="8c84fa94-04c1-424b-9868-57a2d4851a1d" relativeResultsDirectory="2835dc3e-1e70-4710-9a80-10cda2c08827" />
    <UnitTestResult executionId="f0d0565f-c0b4-49f7-b382-84d398cc7955" testId="d5eef638-2f10-98c3-bf34-e4786cf98096" testName="CheckoutAndBuild.Core.Tests.TestServiceTests.ParseTrx_ReadsCountersAndFailures" computerName="SecHex-ZWT2QGY" duration="00:00:00.0158082" startTime="2026-07-24T15:10:38.1951532+02:00" endTime="2026-07-24T15:10:38.2124890+02:00" testType="13cdc9d9-ddb5-4fa4-a97d-d965ccfc6d4b" outcome="Passed" testListId="8c84fa94-04c1-424b-9868-57a2d4851a1d" relativeResultsDirectory="f0d0565f-c0b4-49f7-b382-84d398cc7955" />
    <UnitTestResult executionId="df8d9911-255c-473b-af5d-5fdc3be345cc" testId="a36a38fa-20cb-7b20-1d96-ed2e8868c328" testName="CheckoutAndBuild.Core.Tests.SolutionMergerTests.Merge_GuidCollision_SecondProjectGetsNewGuid_AndGuidsAreUnique" computerName="SecHex-ZWT2QGY" duration="00:00:00.0076633" startTime="2026-07-24T15:25:40.2131882+02:00" endTime="2026-07-24T15:25:40.2208299+02:00" testType="13cdc9d9-ddb5-4fa4-a97d-d965ccfc6d4b" outcome="Passed" testListId="8c84fa94-04c1-424b-9868-57a2d4851a1d" relativeResultsDirectory="df8d9911-255c-473b-af5d-5fdc3be345cc" />
    <UnitTestResult executionId="dca12697-8959-4fbc-97db-2fa12804b91b" testId="ee32d9c2-4855-8e42-18e0-f30737d5681f" testName="CheckoutAndBuild.Core.Tests.GitCheckoutServiceTests.GetScript_EmitsOnePullPerRepository" computerName="SecHex-ZWT2QGY" duration="00:00:00.0541645" startTime="2026-07-24T15:10:38.2101250+02:00" endTime="2026-07-24T15:10:38.2364982+02:00" testType="13cdc9d9-ddb5-4fa4-a97d-d965ccfc6d4b" outcome="Passed" testListId="8c84fa94-04c1-424b-9868-57a2d4851a1d" relativeResultsDirectory="dca12697-8959-4fbc-97db-2fa12804b91b" />
    <UnitTestResult executionId="8289419a-97b5-4f62-ad90-fa8e1d3df90e" testId="e0ef69aa-1729-abee-5e07-bcb5ceaad6f7" testName="CheckoutAndBuild.Core.Tests.GitServiceTests.GetStashDiff_ReturnsPatch" computerName="SecHex-ZWT2QGY" duration="00:00:00.3750897" startTime="2026-07-24T15:10:40.8498413+02:00" endTime="2026-07-24T15:10:41.2250986+02:00" testType="13cdc9d9-ddb5-4fa4-a97d-d965ccfc6d4b" outcome="Passed" testListId="8c84fa94-04c1-424b-9868-57a2d4851a1d" relativeResultsDirectory="8289419a-97b5-4f62-ad90-fa8e1d3df90e" />
  </Results>
  <TestDefinitions>
    <UnitTest name="CheckoutAndBuild.Core.Tests.BuildServiceTests.Build_BrokenCode_ReportsParsedCsError" storage="c:\dev\privat\github\checkoutandbuild\visualstudio\checkoutandbuild.core.tests\bin\debug\net10.0\checkoutandbuild.core.tests.dll" id="0f374e32-2a66-c887-2007-dbfd44a1731b">
      <Execution id="61849812-d9b9-469d-9ac4-233df183064f" />
      <TestMethod codeBase="C:\dev\privat\github\CheckoutAndBuild\VisualStudio\CheckoutAndBuild.Core.Tests\bin\Debug\net10.0\CheckoutAndBuild.Core.Tests.dll" adapterTypeName="executor://xunit/VsTestRunner3/netcore/" className="CheckoutAndBuild.Core.Tests.BuildServiceTests" name="Build_BrokenCode_ReportsParsedCsError" />
    </UnitTest>
    <UnitTest name="CheckoutAndBuild.Core.Tests.SolutionMergerTests.Merge_ContainsEachProjectExactlyOnce" storage="c:\dev\privat\github\checkoutandbuild\visualstudio\checkoutandbuild.core.tests\bin\debug\net10.0\checkoutandbuild.core.tests.dll" id="68620e22-4262-380a-4f0c-eae84c63a611">
      <Execution id="ffe0c6fd-cabd-40dc-adad-6b28c419b346" />
      <TestMethod codeBase="C:\dev\privat\github\CheckoutAndBuild\VisualStudio\CheckoutAndBuild.Core.Tests\bin\Debug\net10.0\CheckoutAndBuild.Core.Tests.dll" adapterTypeName="executor://xunit/VsTestRunner3/netcore/" className="CheckoutAndBuild.Core.Tests.SolutionMergerTests" name="Merge_ContainsEachProjectExactlyOnce" />
    </UnitTest>
    <UnitTest name="CheckoutAndBuild.Core.Tests.SolutionParserTests.Parse_SdkProject_UsesDefaultOutputPath" storage="c:\dev\privat\github\checkoutandbuild\visualstudio\checkoutandbuild.core.tests\bin\debug\net10.0\checkoutandbuild.core.tests.dll" id="8aec6db7-ff4f-514c-c64c-d3a14fa35ae3">
      <Execution id="e9da4af5-187b-4b61-b27d-4b64643c7e7f" />
      <TestMethod codeBase="C:\dev\privat\github\CheckoutAndBuild\VisualStudio\CheckoutAndBuild.Core.Tests\bin\Debug\net10.0\CheckoutAndBuild.Core.Tests.dll" adapterTypeName="executor://xunit/VsTestRunner3/netcore/" className="CheckoutAndBuild.Core.Tests.SolutionParserTests" name="Parse_SdkProject_UsesDefaultOutputPath" />
    </UnitTest>
    <UnitTest name="CheckoutAndBuild.Core.Tests.SolutionParserTests.Parse_FindsTwoProjects_SkipsSolutionFolder" storage="c:\dev\privat\github\checkoutandbuild\visualstudio\checkoutandbuild.core.tests\bin\debug\net10.0\checkoutandbuild.core.tests.dll" id="2af82dec-9593-f4a2-cd71-3fc6de83891e">
      <Execution id="429d0e9d-516f-42ee-a405-61faad35af1c" />
      <TestMethod codeBase="C:\dev\privat\github\CheckoutAndBuild\VisualStudio\CheckoutAndBuild.Core.Tests\bin\Debug\net10.0\CheckoutAndBuild.Core.Tests.dll" adapterTypeName="executor://xunit/VsTestRunner3/netcore/" className="CheckoutAndBuild.Core.Tests.SolutionParserTests" name="Parse_FindsTwoProjects_SkipsSolutionFolder" />
    </UnitTest>
    <UnitTest name="CheckoutAndBuild.Core.Tests.SolutionMergerTests.Merge_GuidCollision_SecondProjectGetsNewGuid_AndGuidsAreUnique" storage="c:\dev\privat\github\checkoutandbuild\visualstudio\checkoutandbuild.core.tests\bin\debug\net10.0\checkoutandbuild.core.tests.dll" id="a36a38fa-20cb-7b20-1d96-ed2e8868c328">
      <Execution id="df8d9911-255c-473b-af5d-5fdc3be345cc" />
      <TestMethod codeBase="C:\dev\privat\github\CheckoutAndBuild\VisualStudio\CheckoutAndBuild.Core.Tests\bin\Debug\net10.0\CheckoutAndBuild.Core.Tests.dll" adapterTypeName="executor://xunit/VsTestRunner3/netcore/" className="CheckoutAndBuild.Core.Tests.SolutionMergerTests" name="Merge_GuidCollision_SecondProjectGetsNewGuid_AndGuidsAreUnique" />
    </UnitTest>
    <UnitTest name="CheckoutAndBuild.Core.Tests.GitServiceTests.GetCurrentBranch_AfterCheckoutNewBranch_ReturnsBranchName" storage="c:\dev\privat\github\checkoutandbuild\visualstudio\checkoutandbuild.core.tests\bin\debug\net10.0\checkoutandbuild.core.tests.dll" id="2772cb54-0b1f-da1d-172b-09225ab92c6d">
      <Execution id="e38d16b0-589a-4015-8565-9e810e0c9a16" />
      <TestMethod codeBase="C:\dev\privat\github\CheckoutAndBuild\VisualStudio\CheckoutAndBuild.Core.Tests\bin\Debug\net10.0\CheckoutAndBuild.Core.Tests.dll" adapterTypeName="executor://xunit/VsTestRunner3/netcore/" className="CheckoutAndBuild.Core.Tests.GitServiceTests" name="GetCurrentBranch_AfterCheckoutNewBranch_ReturnsBranchName" />
    </UnitTest>
    <UnitTest name="CheckoutAndBuild.Core.Tests.SolutionParserTests.Parse_DetectsXunitProjectAsUnitTestProject" storage="c:\dev\privat\github\checkoutandbuild\visualstudio\checkoutandbuild.core.tests\bin\debug\net10.0\checkoutandbuild.core.tests.dll" id="f3692780-4da2-7414-36f6-65cde818f9ec">
      <Execution id="0c31f66f-d67d-4718-b527-961eb378f5bd" />
      <TestMethod codeBase="C:\dev\privat\github\CheckoutAndBuild\VisualStudio\CheckoutAndBuild.Core.Tests\bin\Debug\net10.0\CheckoutAndBuild.Core.Tests.dll" adapterTypeName="executor://xunit/VsTestRunner3/netcore/" className="CheckoutAndBuild.Core.Tests.SolutionParserTests" name="Parse_DetectsXunitProjectAsUnitTestProject" />
    </UnitTest>
    <UnitTest name="CheckoutAndBuild.Core.Tests.TestServiceTests.ParseTrx_ReadsCountersAndFailures" storage="c:\dev\privat\github\checkoutandbuild\visualstudio\checkoutandbuild.core.tests\bin\debug\net10.0\checkoutandbuild.core.tests.dll" id="d5eef638-2f10-98c3-bf34-e4786cf98096">
      <Execution id="f0d0565f-c0b4-49f7-b382-84d398cc7955" />
      <TestMethod codeBase="C:\dev\privat\github\CheckoutAndBuild\VisualStudio\CheckoutAndBuild.Core.Tests\bin\Debug\net10.0\CheckoutAndBuild.Core.Tests.dll" adapterTypeName="executor://xunit/VsTestRunner3/netcore/" className="CheckoutAndBuild.Core.Tests.TestServiceTests" name="ParseTrx_ReadsCountersAndFailures" />
    </UnitTest>
    <UnitTest name="CheckoutAndBuild.Core.Tests.GitCheckoutServiceTests.GroupByRepositoryRoot_DeduplicatesSameRepo" storage="c:\dev\privat\github\checkoutandbuild\visualstudio\checkoutandbuild.core.tests\bin\debug\net10.0\checkoutandbuild.core.tests.dll" id="7d6bee99-c2a3-2a3e-c735-5bb84e5e224b">
      <Execution id="c2204a6a-9585-4d1f-b70a-431541c82575" />
      <TestMethod codeBase="C:\dev\privat\github\CheckoutAndBuild\VisualStudio\CheckoutAndBuild.Core.Tests\bin\Debug\net10.0\CheckoutAndBuild.Core.Tests.dll" adapterTypeName="executor://xunit/VsTestRunner3/netcore/" className="CheckoutAndBuild.Core.Tests.GitCheckoutServiceTests" name="GroupByRepositoryRoot_DeduplicatesSameRepo" />
    </UnitTest>
    <UnitTest name="CheckoutAndBuild.Core.Tests.SettingsServiceTests.Set_CreatesFile" storage="c:\dev\privat\github\checkoutandbuild\visualstudio\checkoutandbuild.core.tests\bin\debug\net10.0\checkoutandbuild.core.tests.dll" id="24031bcf-2fc6-29fa-b694-f76950cae7b0">
      <Execution id="30b90460-7206-479f-bc4c-9d3b6f15a142" />
      <TestMethod codeBase="C:\dev\privat\github\CheckoutAndBuild\VisualStudio\CheckoutAndBuild.Core.Tests\bin\Debug\net10.0\CheckoutAndBuild.Core.Tests.dll" adapterTypeName="executor://xunit/VsTestRunner3/netcore/" className="CheckoutAndBuild.Core.Tests.SettingsServiceTests" name="Set_CreatesFile" />
    </UnitTest>
    <UnitTest name="CheckoutAndBuild.Core.Tests.SolutionParserTests.Parse_ClassicProject_ReadsExplicitDebugOutputPath" storage="c:\dev\privat\github\checkoutandbuild\visualstudio\checkoutandbuild.core.tests\bin\debug\net10.0\checkoutandbuild.core.tests.dll" id="a1a46f52-7968-2fcf-46af-4b7a06b04661">
      <Execution id="5a073281-70a7-44af-b1a7-b1c3afe3fff5" />
      <TestMethod codeBase="C:\dev\privat\github\CheckoutAndBuild\VisualStudio\CheckoutAndBuild.Core.Tests\bin\Debug\net10.0\CheckoutAndBuild.Core.Tests.dll" adapterTypeName="executor://xunit/VsTestRunner3/netcore/" className="CheckoutAndBuild.Core.Tests.SolutionParserTests" name="Parse_ClassicProject_ReadsExplicitDebugOutputPath" />
    </UnitTest>
    <UnitTest name="CheckoutAndBuild.Core.Tests.SettingsServiceTests.SetGet_ComplexObject_Roundtrips" storage="c:\dev\privat\github\checkoutandbuild\visualstudio\checkoutandbuild.core.tests\bin\debug\net10.0\checkoutandbuild.core.tests.dll" id="a5284003-7afb-4f54-f688-e7c0dba47d1d">
      <Execution id="56809811-0d70-4264-abbe-7f90327e01b2" />
      <TestMethod codeBase="C:\dev\privat\github\CheckoutAndBuild\VisualStudio\CheckoutAndBuild.Core.Tests\bin\Debug\net10.0\CheckoutAndBuild.Core.Tests.dll" adapterTypeName="executor://xunit/VsTestRunner3/netcore/" className="CheckoutAndBuild.Core.Tests.SettingsServiceTests" name="SetGet_ComplexObject_Roundtrips" />
    </UnitTest>
    <UnitTest name="CheckoutAndBuild.Core.Tests.SettingsServiceTests.Fallback_RepoValueNotSet_ReturnsGlobalValue" storage="c:\dev\privat\github\checkoutandbuild\visualstudio\checkoutandbuild.core.tests\bin\debug\net10.0\checkoutandbuild.core.tests.dll" id="2a72836a-1491-bf10-349b-fbbaaa624e10">
      <Execution id="5e79587b-4590-4817-b913-124a6f47297f" />
      <TestMethod codeBase="C:\dev\privat\github\CheckoutAndBuild\VisualStudio\CheckoutAndBuild.Core.Tests\bin\Debug\net10.0\CheckoutAndBuild.Core.Tests.dll" adapterTypeName="executor://xunit/VsTestRunner3/netcore/" className="CheckoutAndBuild.Core.Tests.SettingsServiceTests" name="Fallback_RepoValueNotSet_ReturnsGlobalValue" />
    </UnitTest>
    <UnitTest name="CheckoutAndBuild.Core.Tests.PipelineRunnerTests.PostBuildScript_Failure_ReportedToProgress_NotThrown" storage="c:\dev\privat\github\checkoutandbuild\visualstudio\checkoutandbuild.core.tests\bin\debug\net10.0\checkoutandbuild.core.tests.dll" id="b7562cfc-1f8c-3755-1f36-9fad07434226">
      <Execution id="be28c346-4536-49c9-a0ae-e7cb7d2150af" />
      <TestMethod codeBase="C:\dev\privat\github\CheckoutAndBuild\VisualStudio\CheckoutAndBuild.Core.Tests\bin\Debug\net10.0\CheckoutAndBuild.Core.Tests.dll" adapterTypeName="executor://xunit/VsTestRunner3/netcore/" className="CheckoutAndBuild.Core.Tests.PipelineRunnerTests" name="PostBuildScript_Failure_ReportedToProgress_NotThrown" />
    </UnitTest>
    <UnitTest name="CheckoutAndBuild.Core.Tests.PipelineRunnerTests.Pause_BlocksProgress_UntilResume" storage="c:\dev\privat\github\checkoutandbuild\visualstudio\checkoutandbuild.core.tests\bin\debug\net10.0\checkoutandbuild.core.tests.dll" id="0c164439-83f0-82d2-4141-7cf4550dfad1">
      <Execution id="f92d5dae-7f8f-4a1f-a24d-3ee866987ba5" />
      <TestMethod codeBase="C:\dev\privat\github\CheckoutAndBuild\VisualStudio\CheckoutAndBuild.Core.Tests\bin\Debug\net10.0\CheckoutAndBuild.Core.Tests.dll" adapterTypeName="executor://xunit/VsTestRunner3/netcore/" className="CheckoutAndBuild.Core.Tests.PipelineRunnerTests" name="Pause_BlocksProgress_UntilResume" />
    </UnitTest>
    <UnitTest name="CheckoutAndBuild.Core.Tests.PipelineRunnerTests.PostBuildScript_RunsAfterBuildService_BeforeNextService" storage="c:\dev\privat\github\checkoutandbuild\visualstudio\checkoutandbuild.core.tests\bin\debug\net10.0\checkoutandbuild.core.tests.dll" id="fcfff0d3-9230-c79e-6464-3311ba6f0ec0">
      <Execution id="71a370c5-2d28-48ec-a59c-ead5c40ea07a" />
      <TestMethod codeBase="C:\dev\privat\github\CheckoutAndBuild\VisualStudio\CheckoutAndBuild.Core.Tests\bin\Debug\net10.0\CheckoutAndBuild.Core.Tests.dll" adapterTypeName="executor://xunit/VsTestRunner3/netcore/" className="CheckoutAndBuild.Core.Tests.PipelineRunnerTests" name="PostBuildScript_RunsAfterBuildService_BeforeNextService" />
    </UnitTest>
    <UnitTest name="CheckoutAndBuild.Core.Tests.PluginHostTests.Load_FindsPluginAndCustomAction_AndCallsInit" storage="c:\dev\privat\github\checkoutandbuild\visualstudio\checkoutandbuild.core.tests\bin\debug\net10.0\checkoutandbuild.core.tests.dll" id="b952246a-ff73-2f4c-e137-85ac41ebb6f9">
      <Execution id="4d447939-093a-4f2c-91bf-4ed29d327589" />
      <TestMethod codeBase="C:\dev\privat\github\CheckoutAndBuild\VisualStudio\CheckoutAndBuild.Core.Tests\bin\Debug\net10.0\CheckoutAndBuild.Core.Tests.dll" adapterTypeName="executor://xunit/VsTestRunner3/netcore/" className="CheckoutAndBuild.Core.Tests.PluginHostTests" name="Load_FindsPluginAndCustomAction_AndCallsInit" />
    </UnitTest>
    <UnitTest name="CheckoutAndBuild.Core.Tests.GitServiceTests.GetBranches_ContainsBothBranches" storage="c:\dev\privat\github\checkoutandbuild\visualstudio\checkoutandbuild.core.tests\bin\debug\net10.0\checkoutandbuild.core.tests.dll" id="2f80da1d-8105-96d7-1591-7818dc127eb2">
      <Execution id="80592e6d-3219-4a69-b229-7a0d83381df2" />
      <TestMethod codeBase="C:\dev\privat\github\CheckoutAndBuild\VisualStudio\CheckoutAndBuild.Core.Tests\bin\Debug\net10.0\CheckoutAndBuild.Core.Tests.dll" adapterTypeName="executor://xunit/VsTestRunner3/netcore/" className="CheckoutAndBuild.Core.Tests.GitServiceTests" name="GetBranches_ContainsBothBranches" />
    </UnitTest>
    <UnitTest name="CheckoutAndBuild.Core.Tests.SettingsServiceTests.Get_MissingKey_ReturnsDefault" storage="c:\dev\privat\github\checkoutandbuild\visualstudio\checkoutandbuild.core.tests\bin\debug\net10.0\checkoutandbuild.core.tests.dll" id="4e9006ee-c04c-1619-f637-023ad372ec31">
      <Execution id="87d1faf5-06e5-4fb7-be04-f41aaf2b4021" />
      <TestMethod codeBase="C:\dev\privat\github\CheckoutAndBuild\VisualStudio\CheckoutAndBuild.Core.Tests\bin\Debug\net10.0\CheckoutAndBuild.Core.Tests.dll" adapterTypeName="executor://xunit/VsTestRunner3/netcore/" className="CheckoutAndBuild.Core.Tests.SettingsServiceTests" name="Get_MissingKey_ReturnsDefault" />
    </UnitTest>
    <UnitTest name="CheckoutAndBuild.Core.Tests.GitServiceTests.GetStatus_ParsesStagedUnstagedAndUntracked" storage="c:\dev\privat\github\checkoutandbuild\visualstudio\checkoutandbuild.core.tests\bin\debug\net10.0\checkoutandbuild.core.tests.dll" id="a82eb82d-512b-de3e-3a37-c24d6cd3446c">
      <Execution id="b25ff85f-d187-49ae-b37e-8f9a6e8ebc52" />
      <TestMethod codeBase="C:\dev\privat\github\CheckoutAndBuild\VisualStudio\CheckoutAndBuild.Core.Tests\bin\Debug\net10.0\CheckoutAndBuild.Core.Tests.dll" adapterTypeName="executor://xunit/VsTestRunner3/netcore/" className="CheckoutAndBuild.Core.Tests.GitServiceTests" name="GetStatus_ParsesStagedUnstagedAndUntracked" />
    </UnitTest>
    <UnitTest name="CheckoutAndBuild.Core.Tests.CleanServiceTests.Clean_DeletesOutputAndIntermediateAndCustomPaths" storage="c:\dev\privat\github\checkoutandbuild\visualstudio\checkoutandbuild.core.tests\bin\debug\net10.0\checkoutandbuild.core.tests.dll" id="45814898-a5c1-c3b4-c198-417ee590b4be">
      <Execution id="7645da9a-358d-44d3-a53c-09dad33f8c75" />
      <TestMethod codeBase="C:\dev\privat\github\CheckoutAndBuild\VisualStudio\CheckoutAndBuild.Core.Tests\bin\Debug\net10.0\CheckoutAndBuild.Core.Tests.dll" adapterTypeName="executor://xunit/VsTestRunner3/netcore/" className="CheckoutAndBuild.Core.Tests.CleanServiceTests" name="Clean_DeletesOutputAndIntermediateAndCustomPaths" />
    </UnitTest>
    <UnitTest name="CheckoutAndBuild.Core.Tests.SettingsServiceTests.SetGet_Int_Roundtrips" storage="c:\dev\privat\github\checkoutandbuild\visualstudio\checkoutandbuild.core.tests\bin\debug\net10.0\checkoutandbuild.core.tests.dll" id="4d827c24-01b9-7c97-a24f-4167ec23c6bf">
      <Execution id="dfcfe38a-98a0-4733-aefa-9863c2af5c1f" />
      <TestMethod codeBase="C:\dev\privat\github\CheckoutAndBuild\VisualStudio\CheckoutAndBuild.Core.Tests\bin\Debug\net10.0\CheckoutAndBuild.Core.Tests.dll" adapterTypeName="executor://xunit/VsTestRunner3/netcore/" className="CheckoutAndBuild.Core.Tests.SettingsServiceTests" name="SetGet_Int_Roundtrips" />
    </UnitTest>
    <UnitTest name="CheckoutAndBuild.Core.Tests.PipelineRunnerTests.Progress_ReportedBeforeEachService" storage="c:\dev\privat\github\checkoutandbuild\visualstudio\checkoutandbuild.core.tests\bin\debug\net10.0\checkoutandbuild.core.tests.dll" id="6ed37823-4616-8db8-19c4-56f6e413a0a9">
      <Execution id="494d83a8-9cd8-4ed2-b59e-366a7c5083b1" />
      <TestMethod codeBase="C:\dev\privat\github\CheckoutAndBuild\VisualStudio\CheckoutAndBuild.Core.Tests\bin\Debug\net10.0\CheckoutAndBuild.Core.Tests.dll" adapterTypeName="executor://xunit/VsTestRunner3/netcore/" className="CheckoutAndBuild.Core.Tests.PipelineRunnerTests" name="Progress_ReportedBeforeEachService" />
    </UnitTest>
    <UnitTest name="CheckoutAndBuild.Core.Tests.SettingsServiceTests.BranchScoping_SameKeyDifferentBranch_HasDifferentValues" storage="c:\dev\privat\github\checkoutandbuild\visualstudio\checkoutandbuild.core.tests\bin\debug\net10.0\checkoutandbuild.core.tests.dll" id="985acc40-4536-5daf-8caa-ca4eb111919c">
      <Execution id="a95b0f7a-1014-4de8-a7a3-84d5f28e8612" />
      <TestMethod codeBase="C:\dev\privat\github\CheckoutAndBuild\VisualStudio\CheckoutAndBuild.Core.Tests\bin\Debug\net10.0\CheckoutAndBuild.Core.Tests.dll" adapterTypeName="executor://xunit/VsTestRunner3/netcore/" className="CheckoutAndBuild.Core.Tests.SettingsServiceTests" name="BranchScoping_SameKeyDifferentBranch_HasDifferentValues" />
    </UnitTest>
    <UnitTest name="CheckoutAndBuild.Core.Tests.PipelineRunnerTests.CustomAction_Failure_ReportedToProgress_ServiceStillRuns" storage="c:\dev\privat\github\checkoutandbuild\visualstudio\checkoutandbuild.core.tests\bin\debug\net10.0\checkoutandbuild.core.tests.dll" id="a4576526-aca3-2ba8-58f5-0073f1af9fbd">
      <Execution id="8fb70fb1-3e04-4d9d-a364-e83428ebc926" />
      <TestMethod codeBase="C:\dev\privat\github\CheckoutAndBuild\VisualStudio\CheckoutAndBuild.Core.Tests\bin\Debug\net10.0\CheckoutAndBuild.Core.Tests.dll" adapterTypeName="executor://xunit/VsTestRunner3/netcore/" className="CheckoutAndBuild.Core.Tests.PipelineRunnerTests" name="CustomAction_Failure_ReportedToProgress_ServiceStillRuns" />
    </UnitTest>
    <UnitTest name="CheckoutAndBuild.Core.Tests.SolutionParserTests.Model_Defaults_AreSensible" storage="c:\dev\privat\github\checkoutandbuild\visualstudio\checkoutandbuild.core.tests\bin\debug\net10.0\checkoutandbuild.core.tests.dll" id="e5306c2d-2148-03b6-4120-1fbe152366d9">
      <Execution id="290bb316-1d00-45fd-bc48-132e80dd4c6d" />
      <TestMethod codeBase="C:\dev\privat\github\CheckoutAndBuild\VisualStudio\CheckoutAndBuild.Core.Tests\bin\Debug\net10.0\CheckoutAndBuild.Core.Tests.dll" adapterTypeName="executor://xunit/VsTestRunner3/netcore/" className="CheckoutAndBuild.Core.Tests.SolutionParserTests" name="Model_Defaults_AreSensible" />
    </UnitTest>
    <UnitTest name="CheckoutAndBuild.Core.Tests.PluginHostTests.BuildService_MergesPluginBuildProperties_IntoCommand" storage="c:\dev\privat\github\checkoutandbuild\visualstudio\checkoutandbuild.core.tests\bin\debug\net10.0\checkoutandbuild.core.tests.dll" id="1c337951-732e-53ee-35ff-dce661aaee1c">
      <Execution id="cd77a745-3eb7-486d-8c6a-f74ba6713918" />
      <TestMethod codeBase="C:\dev\privat\github\CheckoutAndBuild\VisualStudio\CheckoutAndBuild.Core.Tests\bin\Debug\net10.0\CheckoutAndBuild.Core.Tests.dll" adapterTypeName="executor://xunit/VsTestRunner3/netcore/" className="CheckoutAndBuild.Core.Tests.PluginHostTests" name="BuildService_MergesPluginBuildProperties_IntoCommand" />
    </UnitTest>
    <UnitTest name="CheckoutAndBuild.Core.Tests.SettingsServiceTests.SetGet_Bool_Roundtrips" storage="c:\dev\privat\github\checkoutandbuild\visualstudio\checkoutandbuild.core.tests\bin\debug\net10.0\checkoutandbuild.core.tests.dll" id="e3410730-5ae0-6dba-98a2-38d4da83fe5b">
      <Execution id="a5d39e4e-9662-4331-ac8a-1873bcbf0681" />
      <TestMethod codeBase="C:\dev\privat\github\CheckoutAndBuild\VisualStudio\CheckoutAndBuild.Core.Tests\bin\Debug\net10.0\CheckoutAndBuild.Core.Tests.dll" adapterTypeName="executor://xunit/VsTestRunner3/netcore/" className="CheckoutAndBuild.Core.Tests.SettingsServiceTests" name="SetGet_Bool_Roundtrips" />
    </UnitTest>
    <UnitTest name="CheckoutAndBuild.Core.Tests.PluginHostTests.GetExportedValues_BeforeLoad_ReturnsEmpty" storage="c:\dev\privat\github\checkoutandbuild\visualstudio\checkoutandbuild.core.tests\bin\debug\net10.0\checkoutandbuild.core.tests.dll" id="ab460af6-f8ac-8410-7465-241016f5fc64">
      <Execution id="c840adef-16ac-416b-93e0-c4e59140ce61" />
      <TestMethod codeBase="C:\dev\privat\github\CheckoutAndBuild\VisualStudio\CheckoutAndBuild.Core.Tests\bin\Debug\net10.0\CheckoutAndBuild.Core.Tests.dll" adapterTypeName="executor://xunit/VsTestRunner3/netcore/" className="CheckoutAndBuild.Core.Tests.PluginHostTests" name="GetExportedValues_BeforeLoad_ReturnsEmpty" />
    </UnitTest>
    <UnitTest name="CheckoutAndBuild.Core.Tests.PausableCancellationTokenSourceTests.NotPaused_WaitReturnsImmediately" storage="c:\dev\privat\github\checkoutandbuild\visualstudio\checkoutandbuild.core.tests\bin\debug\net10.0\checkoutandbuild.core.tests.dll" id="b46858cd-992e-6d2f-77d5-5a79c962ca28">
      <Execution id="37fa9400-92c7-41c1-b54d-df91601c25ed" />
      <TestMethod codeBase="C:\dev\privat\github\CheckoutAndBuild\VisualStudio\CheckoutAndBuild.Core.Tests\bin\Debug\net10.0\CheckoutAndBuild.Core.Tests.dll" adapterTypeName="executor://xunit/VsTestRunner3/netcore/" className="CheckoutAndBuild.Core.Tests.PausableCancellationTokenSourceTests" name="NotPaused_WaitReturnsImmediately" />
    </UnitTest>
    <UnitTest name="CheckoutAndBuild.Core.Tests.PausableCancellationTokenSourceTests.Cancel_WhilePaused_ThrowsInsteadOfHanging" storage="c:\dev\privat\github\checkoutandbuild\visualstudio\checkoutandbuild.core.tests\bin\debug\net10.0\checkoutandbuild.core.tests.dll" id="ac59ebf8-b1fa-765b-9735-d92aeb4d2a06">
      <Execution id="d363fda3-d72a-4a39-bfcf-31b656dee2a1" />
      <TestMethod codeBase="C:\dev\privat\github\CheckoutAndBuild\VisualStudio\CheckoutAndBuild.Core.Tests\bin\Debug\net10.0\CheckoutAndBuild.Core.Tests.dll" adapterTypeName="executor://xunit/VsTestRunner3/netcore/" className="CheckoutAndBuild.Core.Tests.PausableCancellationTokenSourceTests" name="Cancel_WhilePaused_ThrowsInsteadOfHanging" />
    </UnitTest>
    <UnitTest name="CheckoutAndBuild.Core.Tests.PipelineRunnerTests.Services_RunSequentially_SortedByOrder" storage="c:\dev\privat\github\checkoutandbuild\visualstudio\checkoutandbuild.core.tests\bin\debug\net10.0\checkoutandbuild.core.tests.dll" id="7fce6ae1-f81f-a511-5dc4-7dd9f859d438">
      <Execution id="1481dd8d-fc5e-475a-b1a0-36f403169175" />
      <TestMethod codeBase="C:\dev\privat\github\CheckoutAndBuild\VisualStudio\CheckoutAndBuild.Core.Tests\bin\Debug\net10.0\CheckoutAndBuild.Core.Tests.dll" adapterTypeName="executor://xunit/VsTestRunner3/netcore/" className="CheckoutAndBuild.Core.Tests.PipelineRunnerTests" name="Services_RunSequentially_SortedByOrder" />
    </UnitTest>
    <UnitTest name="CheckoutAndBuild.Core.Tests.GitCheckoutServiceTests.GetScript_EmitsOnePullPerRepository" storage="c:\dev\privat\github\checkoutandbuild\visualstudio\checkoutandbuild.core.tests\bin\debug\net10.0\checkoutandbuild.core.tests.dll" id="ee32d9c2-4855-8e42-18e0-f30737d5681f">
      <Execution id="dca12697-8959-4fbc-97db-2fa12804b91b" />
      <TestMethod codeBase="C:\dev\privat\github\CheckoutAndBuild\VisualStudio\CheckoutAndBuild.Core.Tests\bin\Debug\net10.0\CheckoutAndBuild.Core.Tests.dll" adapterTypeName="executor://xunit/VsTestRunner3/netcore/" className="CheckoutAndBuild.Core.Tests.GitCheckoutServiceTests" name="GetScript_EmitsOnePullPerRepository" />
    </UnitTest>
    <UnitTest name="CheckoutAndBuild.Core.Tests.BuildServiceTests.Build_MiniSolution_Succeeds_AndOutputExists" storage="c:\dev\privat\github\checkoutandbuild\visualstudio\checkoutandbuild.core.tests\bin\debug\net10.0\checkoutandbuild.core.tests.dll" id="91419809-1365-cac3-2949-cd57d2ef0bf5">
      <Execution id="10bb8372-41f9-47c2-a0b7-1538e8c6d116" />
      <TestMethod codeBase="C:\dev\privat\github\CheckoutAndBuild\VisualStudio\CheckoutAndBuild.Core.Tests\bin\Debug\net10.0\CheckoutAndBuild.Core.Tests.dll" adapterTypeName="executor://xunit/VsTestRunner3/netcore/" className="CheckoutAndBuild.Core.Tests.BuildServiceTests" name="Build_MiniSolution_Succeeds_AndOutputExists" />
    </UnitTest>
    <UnitTest name="CheckoutAndBuild.Core.Tests.GitServiceTests.GetRepositoryRoot_ReturnsRepoDir" storage="c:\dev\privat\github\checkoutandbuild\visualstudio\checkoutandbuild.core.tests\bin\debug\net10.0\checkoutandbuild.core.tests.dll" id="e8f4e0e3-f1f7-0f3b-d7d5-cf0df65f9146">
      <Execution id="ea3a367d-edaa-4db2-8b77-7c9acb284041" />
      <TestMethod codeBase="C:\dev\privat\github\CheckoutAndBuild\VisualStudio\CheckoutAndBuild.Core.Tests\bin\Debug\net10.0\CheckoutAndBuild.Core.Tests.dll" adapterTypeName="executor://xunit/VsTestRunner3/netcore/" className="CheckoutAndBuild.Core.Tests.GitServiceTests" name="GetRepositoryRoot_ReturnsRepoDir" />
    </UnitTest>
    <UnitTest name="CheckoutAndBuild.Core.Tests.GitServiceTests.GetStatus_CleanRepo_Empty" storage="c:\dev\privat\github\checkoutandbuild\visualstudio\checkoutandbuild.core.tests\bin\debug\net10.0\checkoutandbuild.core.tests.dll" id="133b652d-ce2b-3b0d-8a1a-3a21b330cf22">
      <Execution id="7f2e302b-3b3f-41db-b7dd-4093100efc55" />
      <TestMethod codeBase="C:\dev\privat\github\CheckoutAndBuild\VisualStudio\CheckoutAndBuild.Core.Tests\bin\Debug\net10.0\CheckoutAndBuild.Core.Tests.dll" adapterTypeName="executor://xunit/VsTestRunner3/netcore/" className="CheckoutAndBuild.Core.Tests.GitServiceTests" name="GetStatus_CleanRepo_Empty" />
    </UnitTest>
    <UnitTest name="CheckoutAndBuild.Core.Tests.ProcessRunnerTests.EchoHi_ExitCode0_StdOutContainsHi" storage="c:\dev\privat\github\checkoutandbuild\visualstudio\checkoutandbuild.core.tests\bin\debug\net10.0\checkoutandbuild.core.tests.dll" id="6f3db25e-db46-18b3-8794-b2a26b3c7002">
      <Execution id="002d2a85-96cf-4948-abfb-cc7d7a9f0ccf" />
      <TestMethod codeBase="C:\dev\privat\github\CheckoutAndBuild\VisualStudio\CheckoutAndBuild.Core.Tests\bin\Debug\net10.0\CheckoutAndBuild.Core.Tests.dll" adapterTypeName="executor://xunit/VsTestRunner3/netcore/" className="CheckoutAndBuild.Core.Tests.ProcessRunnerTests" name="EchoHi_ExitCode0_StdOutContainsHi" />
    </UnitTest>
    <UnitTest name="CheckoutAndBuild.Core.Tests.CleanServiceTests.GetScript_Batch_ContainsRmdir" storage="c:\dev\privat\github\checkoutandbuild\visualstudio\checkoutandbuild.core.tests\bin\debug\net10.0\checkoutandbuild.core.tests.dll" id="8b8adc82-012c-6b5b-d338-bb8155efe33c">
      <Execution id="b789c9d8-6a92-4deb-a658-3224de3d9238" />
      <TestMethod codeBase="C:\dev\privat\github\CheckoutAndBuild\VisualStudio\CheckoutAndBuild.Core.Tests\bin\Debug\net10.0\CheckoutAndBuild.Core.Tests.dll" adapterTypeName="executor://xunit/VsTestRunner3/netcore/" className="CheckoutAndBuild.Core.Tests.CleanServiceTests" name="GetScript_Batch_ContainsRmdir" />
    </UnitTest>
    <UnitTest name="CheckoutAndBuild.Core.Tests.SolutionParserTests.Parse_ProjectPaths_AreAbsoluteAndExist" storage="c:\dev\privat\github\checkoutandbuild\visualstudio\checkoutandbuild.core.tests\bin\debug\net10.0\checkoutandbuild.core.tests.dll" id="9852eda6-b6bc-04d9-7f5d-4c9a22c30bd3">
      <Execution id="96ebeac3-97db-4777-9015-7338a91fb098" />
      <TestMethod codeBase="C:\dev\privat\github\CheckoutAndBuild\VisualStudio\CheckoutAndBuild.Core.Tests\bin\Debug\net10.0\CheckoutAndBuild.Core.Tests.dll" adapterTypeName="executor://xunit/VsTestRunner3/netcore/" className="CheckoutAndBuild.Core.Tests.SolutionParserTests" name="Parse_ProjectPaths_AreAbsoluteAndExist" />
    </UnitTest>
    <UnitTest name="CheckoutAndBuild.Core.Tests.SolutionMergerTests.Merge_CreatesSolutionFolderPerSourceSolution_AndNestsProjects" storage="c:\dev\privat\github\checkoutandbuild\visualstudio\checkoutandbuild.core.tests\bin\debug\net10.0\checkoutandbuild.core.tests.dll" id="e6fdcdd7-d9e8-1f2d-fe2c-09ad37b5ad85">
      <Execution id="ca292ba9-4e87-4145-9ec2-b4ffe8582c4b" />
      <TestMethod codeBase="C:\dev\privat\github\CheckoutAndBuild\VisualStudio\CheckoutAndBuild.Core.Tests\bin\Debug\net10.0\CheckoutAndBuild.Core.Tests.dll" adapterTypeName="executor://xunit/VsTestRunner3/netcore/" className="CheckoutAndBuild.Core.Tests.SolutionMergerTests" name="Merge_CreatesSolutionFolderPerSourceSolution_AndNestsProjects" />
    </UnitTest>
    <UnitTest name="CheckoutAndBuild.Core.Tests.ScriptExporterTests.Export_PluginScriptGenerators_WrapServiceScript" storage="c:\dev\privat\github\checkoutandbuild\visualstudio\checkoutandbuild.core.tests\bin\debug\net10.0\checkoutandbuild.core.tests.dll" id="4277a02b-eb73-14c2-15dc-4fc13af19dac">
      <Execution id="08bbeb7b-b4a2-4845-ae82-448d5c9152ba" />
      <TestMethod codeBase="C:\dev\privat\github\CheckoutAndBuild\VisualStudio\CheckoutAndBuild.Core.Tests\bin\Debug\net10.0\CheckoutAndBuild.Core.Tests.dll" adapterTypeName="executor://xunit/VsTestRunner3/netcore/" className="CheckoutAndBuild.Core.Tests.ScriptExporterTests" name="Export_PluginScriptGenerators_WrapServiceScript" />
    </UnitTest>
    <UnitTest name="CheckoutAndBuild.Core.Tests.SolutionMergerTests.Merge_SolutionConfigurations_AreUnioned_WithFallbackMapping" storage="c:\dev\privat\github\checkoutandbuild\visualstudio\checkoutandbuild.core.tests\bin\debug\net10.0\checkoutandbuild.core.tests.dll" id="1e5bd157-a304-182d-a29a-e621e313df50">
      <Execution id="89477dc7-542b-4471-887c-437861412e80" />
      <TestMethod codeBase="C:\dev\privat\github\CheckoutAndBuild\VisualStudio\CheckoutAndBuild.Core.Tests\bin\Debug\net10.0\CheckoutAndBuild.Core.Tests.dll" adapterTypeName="executor://xunit/VsTestRunner3/netcore/" className="CheckoutAndBuild.Core.Tests.SolutionMergerTests" name="Merge_SolutionConfigurations_AreUnioned_WithFallbackMapping" />
    </UnitTest>
    <UnitTest name="CheckoutAndBuild.Core.Tests.PipelineRunnerTests.Cancel_DuringService_StopsPipeline_WithOperationCanceled" storage="c:\dev\privat\github\checkoutandbuild\visualstudio\checkoutandbuild.core.tests\bin\debug\net10.0\checkoutandbuild.core.tests.dll" id="9f0e1d14-e9cb-2cb1-6152-5ea311c3e082">
      <Execution id="14b777e5-83d3-4ca5-b126-b0336a419dab" />
      <TestMethod codeBase="C:\dev\privat\github\CheckoutAndBuild\VisualStudio\CheckoutAndBuild.Core.Tests\bin\Debug\net10.0\CheckoutAndBuild.Core.Tests.dll" adapterTypeName="executor://xunit/VsTestRunner3/netcore/" className="CheckoutAndBuild.Core.Tests.PipelineRunnerTests" name="Cancel_DuringService_StopsPipeline_WithOperationCanceled" />
    </UnitTest>
    <UnitTest name="CheckoutAndBuild.Core.Tests.PipelineRunnerTests.ExcludedProjects_AreFiltered_AndIncludedSortedByBuildPriority" storage="c:\dev\privat\github\checkoutandbuild\visualstudio\checkoutandbuild.core.tests\bin\debug\net10.0\checkoutandbuild.core.tests.dll" id="024a619a-2d70-3b4a-63cd-5e7cf7d866d7">
      <Execution id="c0b66cc0-0a84-42c1-9fda-f4d18365acc3" />
      <TestMethod codeBase="C:\dev\privat\github\CheckoutAndBuild\VisualStudio\CheckoutAndBuild.Core.Tests\bin\Debug\net10.0\CheckoutAndBuild.Core.Tests.dll" adapterTypeName="executor://xunit/VsTestRunner3/netcore/" className="CheckoutAndBuild.Core.Tests.PipelineRunnerTests" name="ExcludedProjects_AreFiltered_AndIncludedSortedByBuildPriority" />
    </UnitTest>
    <UnitTest name="CheckoutAndBuild.Core.Tests.TestServiceTests.GetTestAssemblies_FindsBuiltTestProjectOutput" storage="c:\dev\privat\github\checkoutandbuild\visualstudio\checkoutandbuild.core.tests\bin\debug\net10.0\checkoutandbuild.core.tests.dll" id="631231aa-b5c3-2f67-b63f-ad1fd2312930">
      <Execution id="08f4db7e-bb73-4875-a5c5-665aa6670388" />
      <TestMethod codeBase="C:\dev\privat\github\CheckoutAndBuild\VisualStudio\CheckoutAndBuild.Core.Tests\bin\Debug\net10.0\CheckoutAndBuild.Core.Tests.dll" adapterTypeName="executor://xunit/VsTestRunner3/netcore/" className="CheckoutAndBuild.Core.Tests.TestServiceTests" name="GetTestAssemblies_FindsBuiltTestProjectOutput" />
    </UnitTest>
    <UnitTest name="CheckoutAndBuild.Core.Tests.UnitTest1.Test1" storage="c:\dev\privat\github\checkoutandbuild\visualstudio\checkoutandbuild.core.tests\bin\debug\net10.0\checkoutandbuild.core.tests.dll" id="1b30e3ae-7625-f33b-6bd6-21a1452a4dda">
      <Execution id="057a4476-6a64-4b6a-9e34-b1de2ad0ac7d" />
      <TestMethod codeBase="C:\dev\privat\github\CheckoutAndBuild\VisualStudio\CheckoutAndBuild.Core.Tests\bin\Debug\net10.0\CheckoutAndBuild.Core.Tests.dll" adapterTypeName="executor://xunit/VsTestRunner3/netcore/" className="CheckoutAndBuild.Core.Tests.UnitTest1" name="Test1" />
    </UnitTest>
    <UnitTest name="CheckoutAndBuild.Core.Tests.ScriptExporterTests.Export_Batch_ContainsServicesInOrder_WithHeaders" storage="c:\dev\privat\github\checkoutandbuild\visualstudio\checkoutandbuild.core.tests\bin\debug\net10.0\checkoutandbuild.core.tests.dll" id="3f20258c-183e-115a-8b83-2f6e873cd66d">
      <Execution id="895422a2-5ffa-4cfc-80f2-40d67d3801b4" />
      <TestMethod codeBase="C:\dev\privat\github\CheckoutAndBuild\VisualStudio\CheckoutAndBuild.Core.Tests\bin\Debug\net10.0\CheckoutAndBuild.Core.Tests.dll" adapterTypeName="executor://xunit/VsTestRunner3/netcore/" className="CheckoutAndBuild.Core.Tests.ScriptExporterTests" name="Export_Batch_ContainsServicesInOrder_WithHeaders" />
    </UnitTest>
    <UnitTest name="CheckoutAndBuild.Core.Tests.ProcessRunnerTests.Cancellation_KillsProcess_ThrowsCanceled" storage="c:\dev\privat\github\checkoutandbuild\visualstudio\checkoutandbuild.core.tests\bin\debug\net10.0\checkoutandbuild.core.tests.dll" id="05a534d8-5cfc-570f-1cba-0633ea74fdfa">
      <Execution id="c8df0a62-6b57-405b-9b52-6dcb8b220038" />
      <TestMethod codeBase="C:\dev\privat\github\CheckoutAndBuild\VisualStudio\CheckoutAndBuild.Core.Tests\bin\Debug\net10.0\CheckoutAndBuild.Core.Tests.dll" adapterTypeName="executor://xunit/VsTestRunner3/netcore/" className="CheckoutAndBuild.Core.Tests.ProcessRunnerTests" name="Cancellation_KillsProcess_ThrowsCanceled" />
    </UnitTest>
    <UnitTest name="CheckoutAndBuild.Core.Tests.GitServiceTests.IsGitRepository_PlainDirectory_False" storage="c:\dev\privat\github\checkoutandbuild\visualstudio\checkoutandbuild.core.tests\bin\debug\net10.0\checkoutandbuild.core.tests.dll" id="c39cd0b2-1922-a03c-7da0-872526aeaebc">
      <Execution id="7d2dd53e-d884-42fa-8ce3-c56dfe55df54" />
      <TestMethod codeBase="C:\dev\privat\github\CheckoutAndBuild\VisualStudio\CheckoutAndBuild.Core.Tests\bin\Debug\net10.0\CheckoutAndBuild.Core.Tests.dll" adapterTypeName="executor://xunit/VsTestRunner3/netcore/" className="CheckoutAndBuild.Core.Tests.GitServiceTests" name="IsGitRepository_PlainDirectory_False" />
    </UnitTest>
    <UnitTest name="CheckoutAndBuild.Core.Tests.PipelineRunnerTests.CustomActions_RunBeforeAndAfterEachService_InOrder" storage="c:\dev\privat\github\checkoutandbuild\visualstudio\checkoutandbuild.core.tests\bin\debug\net10.0\checkoutandbuild.core.tests.dll" id="872c1b2f-c4ae-c027-7581-2791547c1a8d">
      <Execution id="ed846730-c0d0-4610-bfad-74e9b14f36bd" />
      <TestMethod codeBase="C:\dev\privat\github\CheckoutAndBuild\VisualStudio\CheckoutAndBuild.Core.Tests\bin\Debug\net10.0\CheckoutAndBuild.Core.Tests.dll" adapterTypeName="executor://xunit/VsTestRunner3/netcore/" className="CheckoutAndBuild.Core.Tests.PipelineRunnerTests" name="CustomActions_RunBeforeAndAfterEachService_InOrder" />
    </UnitTest>
    <UnitTest name="CheckoutAndBuild.Core.Tests.GitServiceTests.GetHistory_ReturnsCommitsNewestFirst" storage="c:\dev\privat\github\checkoutandbuild\visualstudio\checkoutandbuild.core.tests\bin\debug\net10.0\checkoutandbuild.core.tests.dll" id="95e69bb9-0285-f78c-976b-920b6770cae6">
      <Execution id="d9a7be1a-9423-4030-a273-33164aeb13e0" />
      <TestMethod codeBase="C:\dev\privat\github\CheckoutAndBuild\VisualStudio\CheckoutAndBuild.Core.Tests\bin\Debug\net10.0\CheckoutAndBuild.Core.Tests.dll" adapterTypeName="executor://xunit/VsTestRunner3/netcore/" className="CheckoutAndBuild.Core.Tests.GitServiceTests" name="GetHistory_ReturnsCommitsNewestFirst" />
    </UnitTest>
    <UnitTest name="CheckoutAndBuild.Core.Tests.ScriptExporterTests.Export_ExcludedProjects_AreSkipped" storage="c:\dev\privat\github\checkoutandbuild\visualstudio\checkoutandbuild.core.tests\bin\debug\net10.0\checkoutandbuild.core.tests.dll" id="470e65ec-4706-e72d-0333-bde0636259de">
      <Execution id="d6defaed-22c3-4cc7-be20-32e7d8c458b2" />
      <TestMethod codeBase="C:\dev\privat\github\CheckoutAndBuild\VisualStudio\CheckoutAndBuild.Core.Tests\bin\Debug\net10.0\CheckoutAndBuild.Core.Tests.dll" adapterTypeName="executor://xunit/VsTestRunner3/netcore/" className="CheckoutAndBuild.Core.Tests.ScriptExporterTests" name="Export_ExcludedProjects_AreSkipped" />
    </UnitTest>
    <UnitTest name="CheckoutAndBuild.Core.Tests.SolutionParserTests.Model_Progress_DrivesCurrentOperation" storage="c:\dev\privat\github\checkoutandbuild\visualstudio\checkoutandbuild.core.tests\bin\debug\net10.0\checkoutandbuild.core.tests.dll" id="84f580b5-a54a-256a-2201-de95b6141fe9">
      <Execution id="165fa17f-e63a-4da7-b586-360cb330882a" />
      <TestMethod codeBase="C:\dev\privat\github\CheckoutAndBuild\VisualStudio\CheckoutAndBuild.Core.Tests\bin\Debug\net10.0\CheckoutAndBuild.Core.Tests.dll" adapterTypeName="executor://xunit/VsTestRunner3/netcore/" className="CheckoutAndBuild.Core.Tests.SolutionParserTests" name="Model_Progress_DrivesCurrentOperation" />
    </UnitTest>
    <UnitTest name="CheckoutAndBuild.Core.Tests.SettingsServiceTests.Fallback_BranchValueNotSet_ReturnsRepoValue" storage="c:\dev\privat\github\checkoutandbuild\visualstudio\checkoutandbuild.core.tests\bin\debug\net10.0\checkoutandbuild.core.tests.dll" id="b9d4a47b-1266-553a-3565-1555d7180f88">
      <Execution id="f5c57736-6f46-4fd7-89d7-c5770034667e" />
[...]
    </UnitTest>
    <UnitTest name="CheckoutAndBuild.Core.Tests.SettingsServiceTests.Profiles_AreIsolated" storage="c:\dev\privat\github\checkoutandbuild\visualstudio\checkoutandbuild.core.tests\bin\debug\net10.0\checkoutandbuild.core.tests.dll" id="241a5a6b-58da-f96a-b699-680d611b1c54">
      <Execution id="873bc5ae-14a8-44c5-a781-96bbc71b7f3e" />
      <TestMethod codeBase="C:\dev\privat\github\CheckoutAndBuild\VisualStudio\CheckoutAndBuild.Core.Tests\bin\Debug\net10.0\CheckoutAndBuild.Core.Tests.dll" adapterTypeName="executor://xunit/VsTestRunner3/netcore/" className="CheckoutAndBuild.Core.Tests.SettingsServiceTests" name="Profiles_AreIsolated" />
    </UnitTest>
    <UnitTest name="CheckoutAndBuild.Core.Tests.ProcessRunnerTests.Exit3_ExitCode3_SuccessFalse" storage="c:\dev\privat\github\checkoutandbuild\visualstudio\checkoutandbuild.core.tests\bin\debug\net10.0\checkoutandbuild.core.tests.dll" id="eb7d582a-80c5-8701-8249-cdf8a981e703">
      <Execution id="9b589e76-2959-499d-972b-ab75f5931f5c" />
      <TestMethod codeBase="C:\dev\privat\github\CheckoutAndBuild\VisualStudio\CheckoutAndBuild.Core.Tests\bin\Debug\net10.0\CheckoutAndBuild.Core.Tests.dll" adapterTypeName="executor://xunit/VsTestRunner3/netcore/" className="CheckoutAndBuild.Core.Tests.ProcessRunnerTests" name="Exit3_ExitCode3_SuccessFalse" />
    </UnitTest>
    <UnitTest name="CheckoutAndBuild.Core.Tests.PipelineRunnerTests.PreBuildScript_NonZeroExit_ThrowsInvalidOperation_NoServiceRuns" storage="c:\dev\privat\github\checkoutandbuild\visualstudio\checkoutandbuild.core.tests\bin\debug\net10.0\checkoutandbuild.core.tests.dll" id="619359a5-9cb7-8aa2-d145-9c63a65a06a6">
      <Execution id="4ffe087e-5b01-4185-9dab-81adfe393527" />
      <TestMethod codeBase="C:\dev\privat\github\CheckoutAndBuild\VisualStudio\CheckoutAndBuild.Core.Tests\bin\Debug\net10.0\CheckoutAndBuild.Core.Tests.dll" adapterTypeName="executor://xunit/VsTestRunner3/netcore/" className="CheckoutAndBuild.Core.Tests.PipelineRunnerTests" name="PreBuildScript_NonZeroExit_ThrowsInvalidOperation_NoServiceRuns" />
    </UnitTest>
    <UnitTest name="CheckoutAndBuild.Core.Tests.PluginHostTests.Load_BrokenDll_IsToleratedAndReported" storage="c:\dev\privat\github\checkoutandbuild\visualstudio\checkoutandbuild.core.tests\bin\debug\net10.0\checkoutandbuild.core.tests.dll" id="dbe2242e-e439-7a13-4fcf-6d3367a114e7">
      <Execution id="2835dc3e-1e70-4710-9a80-10cda2c08827" />
      <TestMethod codeBase="C:\dev\privat\github\CheckoutAndBuild\VisualStudio\CheckoutAndBuild.Core.Tests\bin\Debug\net10.0\CheckoutAndBuild.Core.Tests.dll" adapterTypeName="executor://xunit/VsTestRunner3/netcore/" className="CheckoutAndBuild.Core.Tests.PluginHostTests" name="Load_BrokenDll_IsToleratedAndReported" />
    </UnitTest>
    <UnitTest name="CheckoutAndBuild.Core.Tests.ProcessRunnerTests.OnOutputLine_CalledPerLine" storage="c:\dev\privat\github\checkoutandbuild\visualstudio\checkoutandbuild.core.tests\bin\debug\net10.0\checkoutandbuild.core.tests.dll" id="817e49e1-3f9a-b9c7-252c-3d7b4a519c5e">
      <Execution id="264d1d1f-24de-42a4-8d96-9d77d688704e" />
      <TestMethod codeBase="C:\dev\privat\github\CheckoutAndBuild\VisualStudio\CheckoutAndBuild.Core.Tests\bin\Debug\net10.0\CheckoutAndBuild.Core.Tests.dll" adapterTypeName="executor://xunit/VsTestRunner3/netcore/" className="CheckoutAndBuild.Core.Tests.ProcessRunnerTests" name="OnOutputLine_CalledPerLine" />
    </UnitTest>
    <UnitTest name="CheckoutAndBuild.Core.Tests.SolutionParserTests.Parse_ReadsSolutionConfigurations" storage="c:\dev\privat\github\checkoutandbuild\visualstudio\checkoutandbuild.core.tests\bin\debug\net10.0\checkoutandbuild.core.tests.dll" id="051a3e89-1e08-5a38-3585-ca75bee1a4e2">
      <Execution id="6cb626f8-35a1-4e9d-8f5b-fa900dab7a7d" />
      <TestMethod codeBase="C:\dev\privat\github\CheckoutAndBuild\VisualStudio\CheckoutAndBuild.Core.Tests\bin\Debug\net10.0\CheckoutAndBuild.Core.Tests.dll" adapterTypeName="executor://xunit/VsTestRunner3/netcore/" className="CheckoutAndBuild.Core.Tests.SolutionParserTests" name="Parse_ReadsSolutionConfigurations" />
    </UnitTest>
    <UnitTest name="CheckoutAndBuild.Core.Tests.GitServiceTests.CheckoutBranch_Nonexistent_ThrowsWithStdErr" storage="c:\dev\privat\github\checkoutandbuild\visualstudio\checkoutandbuild.core.tests\bin\debug\net10.0\checkoutandbuild.core.tests.dll" id="5d34100d-0310-fff5-d6f7-0aa0b4092e65">
      <Execution id="79283d9e-b2ab-455f-a310-facd72f58101" />
      <TestMethod codeBase="C:\dev\privat\github\CheckoutAndBuild\VisualStudio\CheckoutAndBuild.Core.Tests\bin\Debug\net10.0\CheckoutAndBuild.Core.Tests.dll" adapterTypeName="executor://xunit/VsTestRunner3/netcore/" className="CheckoutAndBuild.Core.Tests.GitServiceTests" name="CheckoutBranch_Nonexistent_ThrowsWithStdErr" />
    </UnitTest>
    <UnitTest name="CheckoutAndBuild.Core.Tests.GitServiceTests.StashRoundtrip_PushListDrop" storage="c:\dev\privat\github\checkoutandbuild\visualstudio\checkoutandbuild.core.tests\bin\debug\net10.0\checkoutandbuild.core.tests.dll" id="f840d252-3976-312c-9dca-9519c9bd53b3">
      <Execution id="bee03472-e78c-4059-89ca-008f531ebfa5" />
      <TestMethod codeBase="C:\dev\privat\github\CheckoutAndBuild\VisualStudio\CheckoutAndBuild.Core.Tests\bin\Debug\net10.0\CheckoutAndBuild.Core.Tests.dll" adapterTypeName="executor://xunit/VsTestRunner3/netcore/" className="CheckoutAndBuild.Core.Tests.GitServiceTests" name="StashRoundtrip_PushListDrop" />
    </UnitTest>
    <UnitTest name="CheckoutAndBuild.Core.Tests.SettingsServiceTests.SetGet_String_Roundtrips" storage="c:\dev\privat\github\checkoutandbuild\visualstudio\checkoutandbuild.core.tests\bin\debug\net10.0\checkoutandbuild.core.tests.dll" id="644f464e-088a-7459-f649-a42669a54b48">
      <Execution id="f50a0085-d6eb-4824-ab73-d93097a7fa15" />
      <TestMethod codeBase="C:\dev\privat\github\CheckoutAndBuild\VisualStudio\CheckoutAndBuild.Core.Tests\bin\Debug\net10.0\CheckoutAndBuild.Core.Tests.dll" adapterTypeName="executor://xunit/VsTestRunner3/netcore/" className="CheckoutAndBuild.Core.Tests.SettingsServiceTests" name="SetGet_String_Roundtrips" />
    </UnitTest>
  </TestDefinitions>
  <TestEntries>
    <TestEntry testId="b46858cd-992e-6d2f-77d5-5a79c962ca28" executionId="37fa9400-92c7-41c1-b54d-df91601c25ed" testListId="8c84fa94-04c1-424b-9868-57a2d4851a1d" />
    <TestEntry testId="4a4f2e01-3833-93f9-7333-52fb73982e6e" executionId="1cd3a7e6-a4f5-4003-888b-ade3e345615e" testListId="8c84fa94-04c1-424b-9868-57a2d4851a1d" />
    <TestEntry testId="470e65ec-4706-e72d-0333-bde0636259de" executionId="d6defaed-22c3-4cc7-be20-32e7d8c458b2" testListId="8c84fa94-04c1-424b-9868-57a2d4851a1d" />
    <TestEntry testId="4e9006ee-c04c-1619-f637-023ad372ec31" executionId="87d1faf5-06e5-4fb7-be04-f41aaf2b4021" testListId="8c84fa94-04c1-424b-9868-57a2d4851a1d" />
    <TestEntry testId="0f374e32-2a66-c887-2007-dbfd44a1731b" executionId="61849812-d9b9-469d-9ac4-233df183064f" testListId="8c84fa94-04c1-424b-9868-57a2d4851a1d" />
    <TestEntry testId="b7562cfc-1f8c-3755-1f36-9fad07434226" executionId="be28c346-4536-49c9-a0ae-e7cb7d2150af" testListId="8c84fa94-04c1-424b-9868-57a2d4851a1d" />
    <TestEntry testId="6ed37823-4616-8db8-19c4-56f6e413a0a9" executionId="494d83a8-9cd8-4ed2-b59e-366a7c5083b1" testListId="8c84fa94-04c1-424b-9868-57a2d4851a1d" />
    <TestEntry testId="133b652d-ce2b-3b0d-8a1a-3a21b330cf22" executionId="7f2e302b-3b3f-41db-b7dd-4093100efc55" testListId="8c84fa94-04c1-424b-9868-57a2d4851a1d" />
    <TestEntry testId="84f580b5-a54a-256a-2201-de95b6141fe9" executionId="165fa17f-e63a-4da7-b586-360cb330882a" testListId="8c84fa94-04c1-424b-9868-57a2d4851a1d" />
    <TestEntry testId="ac59ebf8-b1fa-765b-9735-d92aeb4d2a06" executionId="d363fda3-d72a-4a39-bfcf-31b656dee2a1" testListId="8c84fa94-04c1-424b-9868-57a2d4851a1d" />
    <TestEntry testId="1c337951-732e-53ee-35ff-dce661aaee1c" executionId="cd77a745-3eb7-486d-8c6a-f74ba6713918" testListId="8c84fa94-04c1-424b-9868-57a2d4851a1d" />
    <TestEntry testId="2a72836a-1491-bf10-349b-fbbaaa624e10" executionId="5e79587b-4590-4817-b913-124a6f47297f" testListId="8c84fa94-04c1-424b-9868-57a2d4851a1d" />
    <TestEntry testId="91419809-1365-cac3-2949-cd57d2ef0bf5" executionId="10bb8372-41f9-47c2-a0b7-1538e8c6d116" testListId="8c84fa94-04c1-424b-9868-57a2d4851a1d" />
    <TestEntry testId="b9d4a47b-1266-553a-3565-1555d7180f88" executionId="f5c57736-6f46-4fd7-89d7-c5770034667e" testListId="8c84fa94-04c1-424b-9868-57a2d4851a1d" />
    <TestEntry testId="92275318-f3e2-2e19-3d9b-6d62c42c9073" executionId="ba02df06-3337-4325-90dd-1554a38c5ad3" testListId="8c84fa94-04c1-424b-9868-57a2d4851a1d" />
    <TestEntry testId="d00da614-1141-f0cf-7914-ba6465831791" executionId="d4617a7a-0d5e-4255-a8ee-52219dfc8cc9" testListId="8c84fa94-04c1-424b-9868-57a2d4851a1d" />
    <TestEntry testId="631231aa-b5c3-2f67-b63f-ad1fd2312930" executionId="08f4db7e-bb73-4875-a5c5-665aa6670388" testListId="8c84fa94-04c1-424b-9868-57a2d4851a1d" />
    <TestEntry testId="8b8adc82-012c-6b5b-d338-bb8155efe33c" executionId="b789c9d8-6a92-4deb-a658-3224de3d9238" testListId="8c84fa94-04c1-424b-9868-57a2d4851a1d" />
    <TestEntry testId="7d6bee99-c2a3-2a3e-c735-5bb84e5e224b" executionId="c2204a6a-9585-4d1f-b70a-431541c82575" testListId="8c84fa94-04c1-424b-9868-57a2d4851a1d" />
    <TestEntry testId="e9527dc0-69c9-12f2-56cc-b8d3ea6ae34c" executionId="0e719ade-f4a7-4713-aa4e-4340a3d948e5" testListId="8c84fa94-04c1-424b-9868-57a2d4851a1d" />
    <TestEntry testId="2f80da1d-8105-96d7-1591-7818dc127eb2" executionId="80592e6d-3219-4a69-b229-7a0d83381df2" testListId="8c84fa94-04c1-424b-9868-57a2d4851a1d" />
    <TestEntry testId="c6f65575-1a56-8dcd-c656-bb0755b9ee55" executionId="73324af4-5fd0-48a7-8dc0-520e3d72155b" testListId="8c84fa94-04c1-424b-9868-57a2d4851a1d" />
    <TestEntry testId="2c9e963a-b6ac-55ef-7d8d-608f5f992683" executionId="2ca7eaed-681a-463a-a386-700901683af2" testListId="8c84fa94-04c1-424b-9868-57a2d4851a1d" />
    <TestEntry testId="e6fdcdd7-d9e8-1f2d-fe2c-09ad37b5ad85" executionId="ca292ba9-4e87-4145-9ec2-b4ffe8582c4b" testListId="8c84fa94-04c1-424b-9868-57a2d4851a1d" />
    <TestEntry testId="ab460af6-f8ac-8410-7465-241016f5fc64" executionId="c840adef-16ac-416b-93e0-c4e59140ce61" testListId="8c84fa94-04c1-424b-9868-57a2d4851a1d" />
    <TestEntry testId="24031bcf-2fc6-29fa-b694-f76950cae7b0" executionId="30b90460-7206-479f-bc4c-9d3b6f15a142" testListId="8c84fa94-04c1-424b-9868-57a2d4851a1d" />
    <TestEntry testId="9f0e1d14-e9cb-2cb1-6152-5ea311c3e082" executionId="14b777e5-83d3-4ca5-b126-b0336a419dab" testListId="8c84fa94-04c1-424b-9868-57a2d4851a1d" />
    <TestEntry testId="5d34100d-0310-fff5-d6f7-0aa0b4092e65" executionId="79283d9e-b2ab-455f-a310-facd72f58101" testListId="8c84fa94-04c1-424b-9868-57a2d4851a1d" />
    <TestEntry testId="7fce6ae1-f81f-a511-5dc4-7dd9f859d438" executionId="1481dd8d-fc5e-475a-b1a0-36f403169175" testListId="8c84fa94-04c1-424b-9868-57a2d4851a1d" />
    <TestEntry testId="a5284003-7afb-4f54-f688-e7c0dba47d1d" executionId="56809811-0d70-4264-abbe-7f90327e01b2" testListId="8c84fa94-04c1-424b-9868-57a2d4851a1d" />
    <TestEntry testId="68620e22-4262-380a-4f0c-eae84c63a611" executionId="ffe0c6fd-cabd-40dc-adad-6b28c419b346" testListId="8c84fa94-04c1-424b-9868-57a2d4851a1d" />
    <TestEntry testId="e8f4e0e3-f1f7-0f3b-d7d5-cf0df65f9146" executionId="ea3a367d-edaa-4db2-8b77-7c9acb284041" testListId="8c84fa94-04c1-424b-9868-57a2d4851a1d" />
    <TestEntry testId="eb7d582a-80c5-8701-8249-cdf8a981e703" executionId="9b589e76-2959-499d-972b-ab75f5931f5c" testListId="8c84fa94-04c1-424b-9868-57a2d4851a1d" />
    <TestEntry testId="024a619a-2d70-3b4a-63cd-5e7cf7d866d7" executionId="c0b66cc0-0a84-42c1-9fda-f4d18365acc3" testListId="8c84fa94-04c1-424b-9868-57a2d4851a1d" />
    <TestEntry testId="817e49e1-3f9a-b9c7-252c-3d7b4a519c5e" executionId="264d1d1f-24de-42a4-8d96-9d77d688704e" testListId="8c84fa94-04c1-424b-9868-57a2d4851a1d" />
    <TestEntry testId="c39cd0b2-1922-a03c-7da0-872526aeaebc" executionId="7d2dd53e-d884-42fa-8ce3-c56dfe55df54" testListId="8c84fa94-04c1-424b-9868-57a2d4851a1d" />
    <TestEntry testId="1e5bd157-a304-182d-a29a-e621e313df50" executionId="89477dc7-542b-4471-887c-437861412e80" testListId="8c84fa94-04c1-424b-9868-57a2d4851a1d" />
    <TestEntry testId="2772cb54-0b1f-da1d-172b-09225ab92c6d" executionId="e38d16b0-589a-4015-8565-9e810e0c9a16" testListId="8c84fa94-04c1-424b-9868-57a2d4851a1d" />
    <TestEntry testId="e3410730-5ae0-6dba-98a2-38d4da83fe5b" executionId="a5d39e4e-9662-4331-ac8a-1873bcbf0681" testListId="8c84fa94-04c1-424b-9868-57a2d4851a1d" />
    <TestEntry testId="45814898-a5c1-c3b4-c198-417ee590b4be" executionId="7645da9a-358d-44d3-a53c-09dad33f8c75" testListId="8c84fa94-04c1-424b-9868-57a2d4851a1d" />
    <TestEntry testId="4277a02b-eb73-14c2-15dc-4fc13af19dac" executionId="08bbeb7b-b4a2-4845-ae82-448d5c9152ba" testListId="8c84fa94-04c1-424b-9868-57a2d4851a1d" />
    <TestEntry testId="872c1b2f-c4ae-c027-7581-2791547c1a8d" executionId="ed846730-c0d0-4610-bfad-74e9b14f36bd" testListId="8c84fa94-04c1-424b-9868-57a2d4851a1d" />
    <TestEntry testId="e5306c2d-2148-03b6-4120-1fbe152366d9" executionId="290bb316-1d00-45fd-bc48-132e80dd4c6d" testListId="8c84fa94-04c1-424b-9868-57a2d4851a1d" />
    <TestEntry testId="05a534d8-5cfc-570f-1cba-0633ea74fdfa" executionId="c8df0a62-6b57-405b-9b52-6dcb8b220038" testListId="8c84fa94-04c1-424b-9868-57a2d4851a1d" />
    <TestEntry testId="1b30e3ae-7625-f33b-6bd6-21a1452a4dda" executionId="057a4476-6a64-4b6a-9e34-b1de2ad0ac7d" testListId="8c84fa94-04c1-424b-9868-57a2d4851a1d" />
    <TestEntry testId="c89b91a3-beaf-00e6-52de-e8689bf2459d" executionId="52a4a13e-369a-47a6-8ba4-f604ba19d30d" testListId="8c84fa94-04c1-424b-9868-57a2d4851a1d" />
    <TestEntry testId="8aec6db7-ff4f-514c-c64c-d3a14fa35ae3" executionId="e9da4af5-187b-4b61-b27d-4b64643c7e7f" testListId="8c84fa94-04c1-424b-9868-57a2d4851a1d" />
    <TestEntry testId="985acc40-4536-5daf-8caa-ca4eb111919c" executionId="a95b0f7a-1014-4de8-a7a3-84d5f28e8612" testListId="8c84fa94-04c1-424b-9868-57a2d4851a1d" />
    <TestEntry testId="b952246a-ff73-2f4c-e137-85ac41ebb6f9" executionId="4d447939-093a-4f2c-91bf-4ed29d327589" testListId="8c84fa94-04c1-424b-9868-57a2d4851a1d" />
    <TestEntry testId="3f20258c-183e-115a-8b83-2f6e873cd66d" executionId="895422a2-5ffa-4cfc-80f2-40d67d3801b4" testListId="8c84fa94-04c1-424b-9868-57a2d4851a1d" />
    <TestEntry testId="f840d252-3976-312c-9dca-9519c9bd53b3" executionId="bee03472-e78c-4059-89ca-008f531ebfa5" testListId="8c84fa94-04c1-424b-9868-57a2d4851a1d" />
    <TestEntry testId="d48b23e6-feee-4f09-8419-09c3b3ef5e2c" executionId="7ca49ba9-e3bd-4f8b-99bc-7830f5440cff" testListId="8c84fa94-04c1-424b-9868-57a2d4851a1d" />
    <TestEntry testId="051a3e89-1e08-5a38-3585-ca75bee1a4e2" executionId="6cb626f8-35a1-4e9d-8f5b-fa900dab7a7d" testListId="8c84fa94-04c1-424b-9868-57a2d4851a1d" />
    <TestEntry testId="0c164439-83f0-82d2-4141-7cf4550dfad1" executionId="f92d5dae-7f8f-4a1f-a24d-3ee866987ba5" testListId="8c84fa94-04c1-424b-9868-57a2d4851a1d" />
    <TestEntry testId="a4576526-aca3-2ba8-58f5-0073f1af9fbd" executionId="8fb70fb1-3e04-4d9d-a364-e83428ebc926" testListId="8c84fa94-04c1-424b-9868-57a2d4851a1d" />
    <TestEntry testId="a1a46f52-7968-2fcf-46af-4b7a06b04661" executionId="5a073281-70a7-44af-b1a7-b1c3afe3fff5" testListId="8c84fa94-04c1-424b-9868-57a2d4851a1d" />
    <TestEntry testId="a82eb82d-512b-de3e-3a37-c24d6cd3446c" executionId="b25ff85f-d187-49ae-b37e-8f9a6e8ebc52" testListId="8c84fa94-04c1-424b-9868-57a2d4851a1d" />
    <TestEntry testId="95e69bb9-0285-f78c-976b-920b6770cae6" executionId="d9a7be1a-9423-4030-a273-33164aeb13e0" testListId="8c84fa94-04c1-424b-9868-57a2d4851a1d" />
    <TestEntry testId="2af82dec-9593-f4a2-cd71-3fc6de83891e" executionId="429d0e9d-516f-42ee-a405-61faad35af1c" testListId="8c84fa94-04c1-424b-9868-57a2d4851a1d" />
    <TestEntry testId="d0f11115-98e2-66f2-a905-cde9e04d412e" executionId="2d2f4622-49ee-49e8-b873-7a923aa07f80" testListId="8c84fa94-04c1-424b-9868-57a2d4851a1d" />
    <TestEntry testId="4d827c24-01b9-7c97-a24f-4167ec23c6bf" executionId="dfcfe38a-98a0-4733-aefa-9863c2af5c1f" testListId="8c84fa94-04c1-424b-9868-57a2d4851a1d" />
    <TestEntry testId="f3692780-4da2-7414-36f6-65cde818f9ec" executionId="0c31f66f-d67d-4718-b527-961eb378f5bd" testListId="8c84fa94-04c1-424b-9868-57a2d4851a1d" />
    <TestEntry testId="c6e45193-67cf-716c-154c-f8429fccd294" executionId="ebd40393-80dd-4eea-9cd8-8c070417fa82" testListId="8c84fa94-04c1-424b-9868-57a2d4851a1d" />
    <TestEntry testId="00c599cf-0114-94d5-19f4-0394ed55f10f" executionId="b5de861e-ac4b-4e40-ab0f-9ae083792ed1" testListId="8c84fa94-04c1-424b-9868-57a2d4851a1d" />
    <TestEntry testId="fcfff0d3-9230-c79e-6464-3311ba6f0ec0" executionId="71a370c5-2d28-48ec-a59c-ead5c40ea07a" testListId="8c84fa94-04c1-424b-9868-57a2d4851a1d" />
    <TestEntry testId="9852eda6-b6bc-04d9-7f5d-4c9a22c30bd3" executionId="96ebeac3-97db-4777-9015-7338a91fb098" testListId="8c84fa94-04c1-424b-9868-57a2d4851a1d" />
    <TestEntry testId="644f464e-088a-7459-f649-a42669a54b48" executionId="f50a0085-d6eb-4824-ab73-d93097a7fa15" testListId="8c84fa94-04c1-424b-9868-57a2d4851a1d" />
    <TestEntry testId="b1f049fc-0210-0c30-bf3c-d8867e3148cf" executionId="63ac7dd0-8d62-4556-a320-764d868fba1d" testListId="8c84fa94-04c1-424b-9868-57a2d4851a1d" />
    <TestEntry testId="0154ad4e-79be-d330-9808-1da15114cfdd" executionId="4e917939-f08f-4065-ab83-164040ed2d69" testListId="8c84fa94-04c1-424b-9868-57a2d4851a1d" />
    <TestEntry testId="6f3db25e-db46-18b3-8794-b2a26b3c7002" executionId="002d2a85-96cf-4948-abfb-cc7d7a9f0ccf" testListId="8c84fa94-04c1-424b-9868-57a2d4851a1d" />
    <TestEntry testId="619359a5-9cb7-8aa2-d145-9c63a65a06a6" executionId="4ffe087e-5b01-4185-9dab-81adfe393527" testListId="8c84fa94-04c1-424b-9868-57a2d4851a1d" />
    <TestEntry testId="241a5a6b-58da-f96a-b699-680d611b1c54" executionId="873bc5ae-14a8-44c5-a781-96bbc71b7f3e" testListId="8c84fa94-04c1-424b-9868-57a2d4851a1d" />
    <TestEntry testId="dbe2242e-e439-7a13-4fcf-6d3367a114e7" executionId="2835dc3e-1e70-4710-9a80-10cda2c08827" testListId="8c84fa94-04c1-424b-9868-57a2d4851a1d" />
    <TestEntry testId="d5eef638-2f10-98c3-bf34-e4786cf98096" executionId="f0d0565f-c0b4-49f7-b382-84d398cc7955" testListId="8c84fa94-04c1-424b-9868-57a2d4851a1d" />
    <TestEntry testId="a36a38fa-20cb-7b20-1d96-ed2e8868c328" executionId="df8d9911-255c-473b-af5d-5fdc3be345cc" testListId="8c84fa94-04c1-424b-9868-57a2d4851a1d" />
    <TestEntry testId="ee32d9c2-4855-8e42-18e0-f30737d5681f" executionId="dca12697-8959-4fbc-97db-2fa12804b91b" testListId="8c84fa94-04c1-424b-9868-57a2d4851a1d" />
    <TestEntry testId="e0ef69aa-1729-abee-5e07-bcb5ceaad6f7" executionId="8289419a-97b5-4f62-ad90-fa8e1d3df90e" testListId="8c84fa94-04c1-424b-9868-57a2d4851a1d" />
  </TestEntries>
  <TestLists>
    <TestList name="Ergebnisse nicht in einer Liste" id="8c84fa94-04c1-424b-9868-57a2d4851a1d" />
    <TestList name="Alle geladenen Ergebnisse" id="19431567-8539-422a-85d7-44ee4e166bda" />
  </TestLists>
  <ResultSummary outcome="Completed">
    <Counters total="77" executed="77" passed="77" failed="0" error="0" timeout="0" aborted="0" inconclusive="0" passedButRunAborted="0" notRunnable="0" notExecuted="0" disconnected="0" warning="0" completed="0" inProgress="0" pending="0" />
    <Output>
      <StdOut>[xUnit.net 00:00:00.00] xUnit.net VSTest Adapter v3.1.4+50e68bbb8b (64-bit .NET 10.0.10)&#xD;
[xUnit.net 00:00:00.04]   Discovering: CheckoutAndBuild.Core.Tests&#xD;
[xUnit.net 00:00:00.07]   Discovered:  CheckoutAndBuild.Core.Tests&#xD;
[xUnit.net 00:00:00.08]   Starting:    CheckoutAndBuild.Core.Tests&#xD;
[xUnit.net 00:15:02.15]   Finished:    CheckoutAndBuild.Core.Tests&#xD;
</StdOut>
    </Output>
  </ResultSummary>
</TestRun>